L 1 "Source\ascii8x16.c"
N/*********************************************************************************************
N* File£º	AscII8x16.c
N* Author:	embest	
N* Desc£º	LCD_Test 
N* History:	
N*********************************************************************************************/
N#include "def.h"
L 1 "..\Common\Inc\def.h" 1
N/*********************************************************************************************
N* File name	: 2410lib.h
N* Author	: embest
N* Descript	: S3C2410 Example 
N* History
N*********************************************************************************************/
N#ifndef __DEF_H__
N#define __DEF_H__
N
N#define UINT32T unsigned int
N#define INT32T	int
N#define UINT16T unsigned short
N#define INT16T	short int
N#define UINT8T  unsigned char
N#define	INT8T  char
N
N#define TRUE 	1
N#define FALSE 	0
N#define OK		1
N#define FAIL	0
N#define FileEnd	1
N#define	NotEnd	0
N
N#define False 0
N#define True !False
N
N// Sets the result on bPort 
N#define BIT_SET(bPort,bBitMask)        (bPort |= bBitMask)
N#define BIT_CLR(bPort,bBitMask)        (bPort &= ~bBitMask)
N
N// Returns the result
N#define GET_BIT_SET(bPort,bBitMask)    (bPort | bBitMask)
N#define GET_BIT_CLR(bPort,bBitMask)    (bPort & ~bBitMask)
N
N// Returns 0 if the condition is False & a non-zero value if it is True
N#define TEST_BIT_SET(bPort,bBitMask)   (bPort & bBitMask)
N#define TEST_BIT_CLR(bPort,bBitMask)   ((~bPort) & bBitMask)
N
N#endif /*__DEF_H__*/
N
L 8 "Source\ascii8x16.c" 2
N
N/*------------------------------------------------------------------------------------------*/
N/*	 								constant define						 				    */
N/*------------------------------------------------------------------------------------------*/
N#define G_AUC_ASCII_LEN 4096
N
N/*------------------------------------------------------------------------------------------*/
N/*	 								global variables						 				    */
N/*------------------------------------------------------------------------------------------*/
Nconst UINT8T g_ucAscii8x16[]=						/* ascii table */	
Xconst unsigned char g_ucAscii8x16[]=						 	
N{
N  0x00,0x00,0x00,0x00,0x00,0x00,0x00,0x00,0x00,0x00,0x00,0x00,0x00,
N  0x00,0x00,0x00,0x00,0x00,0x00,0x00,0x00,0x00,0x00,0x00,0x00,0x00,
N  0x00,0x00,0x00,0x00,0x00,0x00,0x00,0x00,0x00,0x00,0x00,0x00,0x00,
N  0x00,0x00,0x00,0x00,0x00,0x00,0x00,0x00,0x00,0x00,0x00,0x00,0x00,
N  0x00,0x00,0x00,0x00,0x00,0x00,0x00,0x00,0x00,0x00,0x00,0x00,0x00,
N  0x00,0x00,0x00,0x00,0x00,0x00,0x00,0x00,0x00,0x00,0x00,0x00,0x00,
N  0x00,0x00,0x00,0x00,0x00,0x00,0x00,0x00,0x00,0x00,0x00,0x00,0x00,
N  0x00,0x00,0x00,0x00,0x00,0x00,0x00,0x00,0x00,0x00,0x00,0x00,0x00,
N  0x00,0x00,0x00,0x00,0x00,0x00,0x00,0x00,0x00,0x00,0x00,0x00,0x00,
N  0x00,0x00,0x00,0x00,0x00,0x00,0x00,0x00,0x00,0x00,0x00,0x00,0x00,
N  0x00,0x18,0x08,0xc8,0x08,0x08,0x00,0x00,0x00,0x00,0x00,0x00,0x00,
N  0x00,0x00,0x00,0x7f,0x60,0x60,0x60,0x60,0x60,0x60,0x60,0x60,0xe0,
N  0x60,0x20,0x00,0x00,0x00,0x00,0x00,0x00,0x00,0x00,0x00,0x00,0x00,
N  0x00,0x00,0x00,0x00,0x00,0x00,0x00,0x00,0x00,0x18,0x18,0x18,0x10,
N  0x10,0x10,0x00,0x00,0x00,0x00,0x00,0x00,0x00,0x00,0x00,0x00,0x00,
N  0x00,0x00,0x00,0x00,0x00,0x08,0x08,0x08,0x0c,0x0c,0x0c,0x00,0x00,
N  0x00,0x00,0x00,0x00,0x00,0x00,0x00,0x00,0x00,0x00,0x00,0x00,0x00,
N  0x00,0x00,0x00,0x00,0x00,0x6c,0x38,0x10,0x00,0x7c,0xc6,0x70,0x1c,
N  0xc6,0x7c,0x00,0x00,0x00,0x00,0x00,0x00,0x10,0x38,0x6c,0x00,0x78,
N  0x0c,0x7c,0xcc,0xcc,0x76,0x00,0x00,0x00,0x00,0x00,0x00,0x00,0x00,
N  0x00,0x00,0x7c,0xc6,0x70,0xc0,0xc6,0x7c,0x00,0x00,0x00,0x00,0x00,
N  0x00,0x00,0x00,0x00,0x00,0x6c,0x96,0x7c,0xd0,0xd6,0x6c,0x00,0x00,
N  0x00,0x00,0x00,0x00,0x00,0x00,0x00,0x00,0x7c,0xc6,0x06,0x06,0xc6,
N  0x7c,0x00,0x00,0x00,0x00,0x00,0x00,0x00,0x38,0x6c,0xc6,0xc6,0xfe,
N  0xc6,0xc6,0x6c,0x38,0x00,0x00,0x00,0x00,0x00,0x00,0x00,0x00,0x00,
N  0x10,0x38,0x28,0x6c,0x44,0xc6,0xc6,0x00,0x00,0x00,0x00,0x00,0x00,
N  0x00,0x00,0x00,0x00,0x7c,0xc6,0x06,0xfe,0xc6,0x7c,0x00,0x00,0x00,
N  0x00,0x00,0x00,0x00,0x00,0x00,0x00,0xdc,0x66,0x66,0x66,0xf6,0x06,
N  0x06,0x66,0x3c,0x00,0x00,0x00,0x00,0x6c,0x38,0xf8,0x0c,0x7e,0xc6,
N  0xc6,0xc6,0x7c,0x00,0x00,0x00,0x00,0x00,0x00,0x00,0x0e,0x1b,0x18,
N  0x18,0x18,0x18,0x18,0x18,0x18,0xd8,0x70,0x00,0x00,0x00,0x00,0x00,
N  0x00,0x00,0xfe,0x86,0x0c,0x18,0x0c,0x06,0x06,0xc6,0x7c,0x00,0x00,
N  0x00,0x00,0x76,0xdc,0x00,0x00,0x78,0x0c,0x7c,0xcc,0xcc,0x76,0x00,
N  0x00,0x00,0x00,0x00,0x00,0x76,0xdc,0x00,0x00,0x7c,0xc6,0x06,0x06,
N  0xc6,0x7c,0x00,0x00,0x00,0x00,0x00,0x00,0x76,0xdc,0x00,0x00,0xdc,
N  0x66,0x66,0x66,0x66,0x66,0x00,0x00,0x00,0x00,0x00,0x00,0x00,0x00,
N  0x00,0x00,0x76,0x99,0x9f,0x98,0x99,0x6f,0x00,0x00,0x00,0x00,0x00,
N  0x00,0x00,0x00,0x00,0x00,0x00,0x00,0x00,0x00,0x00,0x0c,0x06,0x06,
N  0x00,0x00,0x00,0x00,0x00,0x00,0x00,0x00,0x00,0x00,0x00,0x00,0x3c,
N  0x66,0x66,0x3c,0x00,0x00,0x00,0x00,0x00,0x00,0x00,0x00,0x00,0x00,
N  0x00,0x00,0x00,0x00,0x00,0x00,0x00,0x00,0x00,0x00,0x00,0x18,0x3c,
N  0x3c,0x3c,0x18,0x18,0x00,0x18,0x18,0x00,0x00,0x00,0x00,0x00,0x00,
N  0xc6,0xc6,0xc6,0x44,0x00,0x00,0x00,0x00,0x00,0x00,0x00,0x00,0x00,
N  0x00,0x00,0x00,0x00,0x6c,0x6c,0xfe,0x6c,0x6c,0x6c,0xfe,0x6c,0x6c,
N  0x00,0x00,0x00,0x00,0x00,0x18,0x18,0x7c,0xc6,0xc2,0xc0,0x7c,0x06,
N  0x86,0xc6,0x7c,0x18,0x18,0x00,0x00,0x00,0x00,0x00,0x00,0x00,0xc3,
N  0xc6,0x0c,0x18,0x30,0x63,0xc3,0x00,0x00,0x00,0x00,0x00,0x00,0x00,
N  0x38,0x6c,0x6c,0x38,0x76,0xdc,0xcc,0xcc,0x76,0x00,0x00,0x00,0x00,
N  0x00,0x00,0x30,0x30,0x30,0x60,0x00,0x00,0x00,0x00,0x00,0x00,0x00,
N  0x00,0x00,0x00,0x00,0x00,0x00,0x18,0x30,0x60,0x60,0x60,0x60,0x60,
N  0x30,0x18,0x00,0x00,0x00,0x00,0x00,0x00,0x00,0x18,0x0c,0x06,0x06,
N  0x06,0x06,0x06,0x0c,0x18,0x00,0x00,0x00,0x00,0x00,0x00,0x00,0x00,
N  0x00,0x6c,0x38,0xfe,0x38,0x6c,0x00,0x00,0x00,0x00,0x00,0x00,0x00,
N  0x00,0x00,0x00,0x18,0x18,0x18,0x7e,0x18,0x18,0x18,0x00,0x00,0x00,
N  0x00,0x00,0x00,0x00,0x00,0x00,0x00,0x00,0x00,0x00,0x00,0x18,0x18,
N  0x18,0x30,0x00,0x00,0x00,0x00,0x00,0x00,0x00,0x00,0x00,0x00,0xfe,
N  0x00,0x00,0x00,0x00,0x00,0x00,0x00,0x00,0x00,0x00,0x00,0x00,0x00,
N  0x00,0x00,0x00,0x00,0x00,0x18,0x18,0x00,0x00,0x00,0x00,0x00,0x00,
N  0x00,0x02,0x06,0x0c,0x18,0x30,0x60,0xc0,0x80,0x00,0x00,0x00,0x00,
N  0x00,0x00,0x00,0x00,0x7c,0xc6,0xce,0xde,0xf6,0xe6,0xc6,0xc6,0x7c,
N  0x00,0x00,0x00,0x00,0x00,0x00,0x00,0x18,0x38,0x78,0x18,0x18,0x18,
N  0x18,0x18,0x7e,0x00,0x00,0x00,0x00,0x00,0x00,0x00,0x7c,0xc6,0x06,
N  0x0c,0x18,0x30,0x60,0xc6,0xfe,0x00,0x00,0x00,0x00,0x00,0x00,0x00,
N  0x7c,0xc6,0x06,0x06,0x3c,0x06,0x06,0xc6,0x7c,0x00,0x00,0x00,0x00,
N  0x00,0x00,0x00,0x0c,0x1c,0x3c,0x6c,0xcc,0xfe,0x0c,0x0c,0x1e,0x00,
N  0x00,0x00,0x00,0x00,0x00,0x00,0xfe,0xc0,0xc0,0xc0,0xfc,0x06,0x06,
N  0xc6,0x7c,0x00,0x00,0x00,0x00,0x00,0x00,0x00,0x38,0x60,0xc0,0xc0,
N  0xfc,0xc6,0xc6,0xc6,0x7c,0x00,0x00,0x00,0x00,0x00,0x00,0x00,0xfe,
N  0xc6,0x06,0x0c,0x18,0x30,0x30,0x30,0x30,0x00,0x00,0x00,0x00,0x00,
N  0x00,0x00,0x7c,0xc6,0xc6,0xc6,0x7c,0xc6,0xc6,0xc6,0x7c,0x00,0x00,
N  0x00,0x00,0x00,0x00,0x00,0x7c,0xc6,0xc6,0xc6,0x7e,0x06,0x06,0x0c,
N  0x78,0x00,0x00,0x00,0x00,0x00,0x00,0x00,0x00,0x18,0x18,0x00,0x00,
N  0x00,0x18,0x18,0x00,0x00,0x00,0x00,0x00,0x00,0x00,0x00,0x00,0x18,
N  0x18,0x00,0x00,0x00,0x18,0x18,0x30,0x00,0x00,0x00,0x00,0x00,0x00,
N  0x00,0x06,0x0c,0x18,0x30,0x60,0x30,0x18,0x0c,0x06,0x00,0x00,0x00,
N  0x00,0x00,0x00,0x00,0x00,0x00,0x00,0x7e,0x00,0x00,0x7e,0x00,0x00,
N  0x00,0x00,0x00,0x00,0x00,0x00,0x00,0x60,0x30,0x18,0x0c,0x06,0x0c,
N  0x18,0x30,0x60,0x00,0x00,0x00,0x00,0x00,0x00,0x00,0x7c,0xc6,0xc6,
N  0x0c,0x18,0x18,0x00,0x18,0x18,0x00,0x00,0x00,0x00,0x00,0x00,0x00,
N  0x7c,0xc6,0xc6,0xde,0xde,0xde,0xdc,0xc0,0x7c,0x00,0x00,0x00,0x00,
N  0x00,0x00,0x00,0x10,0x38,0x6c,0xc6,0xc6,0xfe,0xc6,0xc6,0xc6,0x00,
N  0x00,0x00,0x00,0x00,0x00,0x00,0xfc,0x66,0x66,0x66,0x7c,0x66,0x66,
N  0x66,0xfc,0x00,0x00,0x00,0x00,0x00,0x00,0x00,0x3c,0x66,0xc2,0xc0,
N  0xc0,0xc0,0xc2,0x66,0x3c,0x00,0x00,0x00,0x00,0x00,0x00,0x00,0xf8,
N  0x6c,0x66,0x66,0x66,0x66,0x66,0x6c,0xf8,0x00,0x00,0x00,0x00,0x00,
N  0x00,0x00,0xfe,0x66,0x62,0x68,0x78,0x68,0x62,0x66,0xfe,0x00,0x00,
N  0x00,0x00,0x00,0x00,0x00,0xfe,0x66,0x62,0x68,0x78,0x68,0x60,0x60,
N  0xf0,0x00,0x00,0x00,0x00,0x00,0x00,0x00,0x3c,0x66,0xc2,0xc0,0xc0,
N  0xde,0xc6,0x66,0x3a,0x00,0x00,0x00,0x00,0x00,0x00,0x00,0xc6,0xc6,
N  0xc6,0xc6,0xfe,0xc6,0xc6,0xc6,0xc6,0x00,0x00,0x00,0x00,0x00,0x00,
N  0x00,0x3c,0x18,0x18,0x18,0x18,0x18,0x18,0x18,0x3c,0x00,0x00,0x00,
N  0x00,0x00,0x00,0x00,0x1e,0x0c,0x0c,0x0c,0x0c,0x0c,0xcc,0xcc,0x78,
N  0x00,0x00,0x00,0x00,0x00,0x00,0x00,0xe6,0x66,0x6c,0x6c,0x78,0x6c,
N  0x6c,0x66,0xe6,0x00,0x00,0x00,0x00,0x00,0x00,0x00,0xf0,0x60,0x60,
N  0x60,0x60,0x60,0x62,0x66,0xfe,0x00,0x00,0x00,0x00,0x00,0x00,0x00,
N  0xc6,0xee,0xfe,0xd6,0xc6,0xc6,0xc6,0xc6,0xc6,0x00,0x00,0x00,0x00,
N  0x00,0x00,0x00,0xc6,0xe6,0xf6,0xfe,0xde,0xce,0xc6,0xc6,0xc6,0x00,
N  0x00,0x00,0x00,0x00,0x00,0x00,0x38,0x6c,0xc6,0xc6,0xc6,0xc6,0xc6,
N  0x6c,0x38,0x00,0x00,0x00,0x00,0x00,0x00,0x00,0xfc,0x66,0x66,0x66,
N  0x7c,0x60,0x60,0x60,0xf0,0x00,0x00,0x00,0x00,0x00,0x00,0x00,0x7c,
N  0xc6,0xc6,0xc6,0xd6,0xde,0x7c,0x0c,0x0e,0x00,0x00,0x00,0x00,0x00,
N  0x00,0x00,0xfc,0x66,0x66,0x66,0x7c,0x6c,0x66,0x66,0xe6,0x00,0x00,
N  0x00,0x00,0x00,0x00,0x00,0x7c,0xc6,0xc6,0x60,0x38,0x0c,0xc6,0xc6,
N  0x7c,0x00,0x00,0x00,0x00,0x00,0x00,0x00,0x7e,0x5a,0x18,0x18,0x18,
N  0x18,0x18,0x18,0x3c,0x00,0x00,0x00,0x00,0x00,0x00,0x00,0xc6,0xc6,
N  0xc6,0xc6,0xc6,0xc6,0xc6,0xc6,0x7c,0x00,0x00,0x00,0x00,0x00,0x00,
N  0x00,0xc6,0xc6,0xc6,0xc6,0xc6,0xc6,0x6c,0x38,0x10,0x00,0x00,0x00,
N  0x00,0x00,0x00,0x00,0xc6,0xc6,0xc6,0xc6,0xc6,0xd6,0xfe,0xee,0xc6,
N  0x00,0x00,0x00,0x00,0x00,0x00,0x00,0xc6,0xc6,0xc6,0x6c,0x38,0x6c,
N  0xc6,0xc6,0xc6,0x00,0x00,0x00,0x00,0x00,0x00,0x00,0xc6,0xc6,0xc6,
N  0x6c,0x38,0x38,0x38,0x38,0x7c,0x00,0x00,0x00,0x00,0x00,0x00,0x00,
N  0xfe,0xc6,0x8c,0x18,0x30,0x60,0xc2,0xc6,0xfe,0x00,0x00,0x00,0x00,
N  0x00,0x00,0x00,0x3c,0x30,0x30,0x30,0x30,0x30,0x30,0x30,0x3c,0x00,
N  0x00,0x00,0x00,0x00,0x00,0x00,0x80,0xc0,0xe0,0x70,0x38,0x1c,0x0e,
N  0x06,0x02,0x00,0x00,0x00,0x00,0x00,0x00,0x00,0x3c,0x0c,0x0c,0x0c,
N  0x0c,0x0c,0x0c,0x0c,0x3c,0x00,0x00,0x00,0x00,0x00,0x10,0x38,0x6c,
N  0xc6,0x00,0x00,0x00,0x00,0x00,0x00,0x00,0x00,0x00,0x00,0x00,0x00,
N  0x00,0x00,0x00,0x00,0x00,0x00,0x00,0x00,0x00,0x00,0x00,0x00,0xfe,
N  0x00,0x00,0x00,0x00,0x30,0x30,0x18,0x00,0x00,0x00,0x00,0x00,0x00,
N  0x00,0x00,0x00,0x00,0x00,0x00,0x00,0x00,0x00,0x00,0x00,0x78,0x0c,
N  0x7c,0xcc,0xcc,0x76,0x00,0x00,0x00,0x00,0x00,0x00,0x00,0xe0,0x60,
N  0x60,0x78,0x6c,0x66,0x66,0x66,0xdc,0x00,0x00,0x00,0x00,0x00,0x00,
N  0x00,0x00,0x00,0x00,0x7c,0xc6,0xc0,0xc0,0xc6,0x7c,0x00,0x00,0x00,
N  0x00,0x00,0x00,0x00,0x1c,0x0c,0x0c,0x3c,0x6c,0xcc,0xcc,0xcc,0x76,
N  0x00,0x00,0x00,0x00,0x00,0x00,0x00,0x00,0x00,0x00,0x7c,0xc6,0xfe,
N  0xc0,0xc6,0x7c,0x00,0x00,0x00,0x00,0x00,0x00,0x00,0x1c,0x36,0x32,
N  0x30,0x7c,0x30,0x30,0x30,0x78,0x00,0x00,0x00,0x00,0x00,0x00,0x00,
N  0x00,0x00,0x00,0x76,0xcc,0xcc,0xcc,0x7c,0x0c,0xcc,0x78,0x00,0x00,
N  0x00,0x00,0x00,0xe0,0x60,0x60,0x6c,0x76,0x66,0x66,0x66,0xe6,0x00,
N  0x00,0x00,0x00,0x00,0x00,0x00,0x18,0x18,0x00,0x38,0x18,0x18,0x18,
N  0x18,0x3c,0x00,0x00,0x00,0x00,0x00,0x00,0x00,0x06,0x06,0x00,0x0e,
N  0x06,0x06,0x06,0x06,0x66,0x66,0x3c,0x00,0x00,0x00,0x00,0x00,0xe0,
N  0x60,0x60,0x66,0x6c,0x78,0x6c,0x66,0xe6,0x00,0x00,0x00,0x00,0x00,
N  0x00,0x00,0x38,0x18,0x18,0x18,0x18,0x18,0x18,0x18,0x3c,0x00,0x00,
N  0x00,0x00,0x00,0x00,0x00,0x00,0x00,0x00,0x44,0xfe,0xd6,0xd6,0xd6,
N  0xd6,0x00,0x00,0x00,0x00,0x00,0x00,0x00,0x00,0x00,0x00,0xdc,0x66,
N  0x66,0x66,0x66,0x66,0x00,0x00,0x00,0x00,0x00,0x00,0x00,0x00,0x00,
N  0x00,0x7c,0xc6,0xc6,0xc6,0xc6,0x7c,0x00,0x00,0x00,0x00,0x00,0x00,
N  0x00,0x00,0x00,0x00,0xdc,0x66,0x66,0x66,0x7c,0x60,0x60,0xf0,0x00,
N  0x00,0x00,0x00,0x00,0x00,0x00,0x00,0x76,0xcc,0xcc,0xcc,0x7c,0x0c,
N  0x0c,0x1e,0x00,0x00,0x00,0x00,0x00,0x00,0x00,0x00,0xdc,0x76,0x66,
N  0x60,0x60,0xf0,0x00,0x00,0x00,0x00,0x00,0x00,0x00,0x00,0x00,0x00,
N  0x7c,0xc6,0x70,0x1c,0xc6,0x7c,0x00,0x00,0x00,0x00,0x00,0x00,0x00,
N  0x10,0x30,0x30,0xfc,0x30,0x30,0x30,0x36,0x1c,0x00,0x00,0x00,0x00,
N  0x00,0x00,0x00,0x00,0x00,0x00,0xcc,0xcc,0xcc,0xcc,0xcc,0x76,0x00,
N  0x00,0x00,0x00,0x00,0x00,0x00,0x00,0x00,0x00,0xc6,0xc6,0xc6,0x6c,
N  0x38,0x10,0x00,0x00,0x00,0x00,0x00,0x00,0x00,0x00,0x00,0x00,0xc6,
N  0xc6,0xc6,0xd6,0xfe,0x6c,0x00,0x00,0x00,0x00,0x00,0x00,0x00,0x00,
N  0x00,0x00,0xc6,0x6c,0x38,0x38,0x6c,0xc6,0x00,0x00,0x00,0x00,0x00,
N  0x00,0x00,0x00,0x00,0x00,0xc6,0xc6,0xc6,0xc6,0x7e,0x06,0x0c,0x78,
N  0x00,0x00,0x00,0x00,0x00,0x00,0x00,0x00,0xfe,0xcc,0x18,0x30,0x66,
N  0xfe,0x00,0x00,0x00,0x00,0x00,0x00,0x00,0x0e,0x18,0x18,0x18,0x70,
N  0x18,0x18,0x18,0x0e,0x00,0x00,0x00,0x00,0x00,0x00,0x00,0x18,0x18,
N  0x18,0x18,0x00,0x18,0x18,0x18,0x18,0x00,0x00,0x00,0x00,0x00,0x00,
N  0x00,0x70,0x18,0x18,0x18,0x0e,0x18,0x18,0x18,0x70,0x00,0x00,0x00,
N  0x00,0x00,0x00,0x00,0x76,0xdc,0x00,0x00,0x00,0x00,0x00,0x00,0x00,
N  0x00,0x00,0x00,0x00,0x00,0x00,0x00,0x00,0x00,0x00,0x00,0x00,0x00,
N  0x00,0x00,0x00,0x00,0x00,0x00,0x00,0x00,0x00,0x00,0x00,0x00,0x00,
N  0x00,0x00,0x00,0x00,0x00,0x00,0x00,0x00,0x00,0x00,0x00,0x00,0x00,
N  0x00,0x00,0x00,0x00,0x00,0x00,0x00,0x00,0x00,0x00,0x00,0x00,0x00,
N  0x00,0x00,0x00,0x00,0x00,0x00,0x00,0x00,0x00,0x00,0x00,0x00,0x00,
N  0x00,0x00,0x00,0x00,0x00,0x00,0x00,0x00,0x00,0x00,0x00,0x00,0x00,
N  0x00,0x00,0x00,0x00,0x00,0x00,0x00,0x00,0x00,0x00,0x00,0x00,0x00,
N  0x00,0x00,0x00,0x00,0x00,0x00,0x00,0x00,0x00,0x00,0x00,0x00,0x00,
N  0x00,0x00,0x00,0x00,0x00,0x00,0x00,0x00,0x00,0x00,0x00,0x00,0x00,
N  0x00,0x00,0x00,0x00,0x00,0x00,0x00,0x00,0x00,0x00,0x00,0x00,0x00,
N  0x00,0x00,0x00,0x00,0x00,0x00,0x00,0x00,0x00,0x00,0x00,0x00,0x00,
N  0x00,0x00,0x00,0x00,0x00,0x00,0x00,0x00,0x00,0x00,0x00,0x00,0x00,
N  0x00,0x00,0x00,0x00,0x00,0x00,0x00,0x00,0x00,0x00,0x00,0x00,0x00,
N  0x00,0x00,0x00,0x00,0x00,0x00,0x00,0x00,0x00,0x00,0x00,0x00,0x00,
N  0x00,0x00,0x00,0x00,0x00,0x00,0x00,0x00,0x00,0x00,0x00,0x00,0x00,
N  0x00,0x00,0x00,0x00,0x00,0x00,0x00,0x00,0x00,0x00,0x00,0x00,0x00,
N  0x00,0x00,0x00,0x00,0x00,0x00,0x00,0x00,0x00,0x00,0x00,0x00,0x00,
N  0x00,0x00,0x00,0x00,0x00,0x00,0x00,0x00,0x00,0x00,0x00,0x00,0x00,
N  0x00,0x00,0x00,0x00,0x00,0x00,0x00,0x00,0x00,0x00,0x00,0x00,0x00,
N  0x00,0x00,0x00,0x00,0x00,0x00,0x00,0x00,0x00,0x00,0x00,0x00,0x00,
N  0x00,0x00,0x00,0x00,0x00,0x00,0x00,0x00,0x00,0x00,0x00,0x00,0x00,
N  0x00,0x00,0x00,0x00,0x00,0x00,0x00,0x00,0x00,0x00,0x00,0x00,0x00,
N  0x00,0x00,0x00,0x00,0x00,0x00,0x00,0x00,0x00,0x00,0x00,0x00,0x00,
N  0x00,0x00,0x00,0x00,0x00,0x00,0x00,0x00,0x00,0x00,0x00,0x00,0x00,
N  0x00,0x00,0x00,0x00,0x00,0x00,0x00,0x00,0x00,0x00,0x00,0x00,0x00,
N  0x00,0x00,0x00,0x00,0x00,0x00,0x00,0x00,0x00,0x00,0x00,0x00,0x00,
N  0x00,0x00,0x00,0x00,0x00,0x00,0x00,0x00,0x00,0x00,0x00,0x00,0x00,
N  0x00,0x00,0x00,0x00,0x00,0x00,0x00,0x00,0x00,0x00,0x00,0x00,0x00,
N  0x00,0x00,0x00,0x00,0x00,0x00,0x00,0x00,0x00,0x00,0x00,0x00,0x00,
N  0x00,0x00,0x00,0x00,0x00,0x00,0x00,0x00,0x00,0x00,0x00,0x00,0x00,
N  0x00,0x00,0x00,0x00,0x00,0x00,0x00,0x00,0x00,0x00,0x00,0x00,0x00,
N  0x00,0x00,0x00,0x00,0x00,0x00,0x00,0x00,0x00,0x00,0x00,0x00,0x00,
N  0x00,0x00,0x00,0x00,0x00,0x00,0x00,0x00,0x00,0x00,0x00,0x00,0x00,
N  0x00,0x00,0x00,0x00,0x00,0x00,0x00,0x00,0x00,0x00,0x00,0x00,0x00,
N  0x00,0x00,0x00,0x00,0x00,0x00,0x00,0x00,0x00,0x00,0x00,0x00,0x00,
N  0x00,0x00,0x00,0x00,0x00,0x00,0x00,0x00,0x00,0x00,0x00,0x00,0x00,
N  0x00,0x00,0x00,0x00,0x00,0x00,0x00,0x00,0x00,0x00,0x00,0x00,0x00,
N  0x00,0x00,0x00,0x00,0x00,0x00,0x00,0x00,0x00,0x00,0x00,0x00,0x00,
N  0x00,0x00,0x00,0x00,0x00,0x00,0x00,0x00,0x00,0x00,0x00,0x00,0x00,
N  0x00,0x00,0x00,0x00,0x00,0x00,0x00,0x00,0x00,0x00,0x00,0x00,0x00,
N  0x00,0x00,0x00,0x00,0x00,0x00,0x00,0x00,0x00,0x00,0x00,0x00,0x00,
N  0x00,0x00,0x00,0x00,0x00,0x00,0x00,0x00,0x00,0x00,0x00,0x00,0x00,
N  0x00,0x00,0x00,0x00,0x00,0x00,0x00,0x00,0x00,0x00,0x00,0x00,0x00,
N  0x00,0x00,0x00,0x00,0x00,0x00,0x00,0x00,0x00,0x00,0x00,0x00,0x00,
N  0x00,0x00,0x00,0x00,0x00,0x00,0x00,0x00,0x00,0x00,0x00,0x00,0x00,
N  0x00,0x00,0x00,0x00,0x00,0x00,0x00,0x00,0x00,0x00,0x00,0x00,0x00,
N  0x00,0x00,0x00,0x00,0x00,0x00,0x00,0x00,0x00,0x00,0x00,0x00,0x00,
N  0x00,0x00,0x00,0x00,0x00,0x00,0x00,0x00,0x00,0x00,0x00,0x00,0x00,
N  0x00,0x00,0x00,0x00,0x00,0x00,0x00,0x00,0x00,0x00,0x00,0x00,0x00,
N  0x00,0x00,0x00,0x00,0x00,0x00,0x00,0x00,0x00,0x00,0x00,0x00,0x00,
N  0x00,0x00,0x00,0x00,0x00,0x00,0x00,0x00,0x00,0x00,0x00,0x00,0x00,
N  0x00,0x00,0x00,0x00,0x00,0x00,0x00,0x00,0x00,0x00,0x00,0x00,0x00,
N  0x00,0x00,0x00,0x00,0x00,0x00,0x00,0x00,0x00,0x00,0x00,0x00,0x00,
N  0x00,0x00,0x00,0x00,0x00,0x00,0x00,0x00,0x00,0x00,0x00,0x00,0x00,
N  0x00,0x00,0x00,0x00,0x00,0x00,0x00,0x00,0x00,0x00,0x00,0x00,0x00,
N  0x00,0x00,0x00,0x00,0x00,0x00,0x00,0x00,0x00,0x00,0x00,0x00,0x00,
N  0x00,0x00,0x00,0x00,0x00,0x00,0x00,0x00,0x00,0x00,0x00,0x00,0x00,
N  0x00,0x00,0x00,0x00,0x00,0x00,0x00,0x00,0x00,0x00,0x00,0x00,0x00,
N  0x00,0x00,0x00,0x00,0x00,0x00,0x00,0x00,0x00,0x00,0x00,0x00,0x00,
N  0x00,0x00,0x00,0x00,0x00,0x00,0x00,0x00,0x00,0x00,0x00,0x00,0x00,
N  0x00,0x00,0x00,0x00,0x00,0x00,0x00,0x00,0x00,0x00,0x00,0x00,0x00,
N  0x00,0x00,0x00,0x00,0x00,0x00,0x00,0x00,0x00,0x00,0x00,0x00,0x00,
N  0x00,0x00,0x00,0x00,0x00,0x00,0x00,0x00,0x00,0x00,0x00,0x00,0x00,
N  0x00,0x00,0x00,0x00,0x00,0x00,0x00,0x00,0x00,0x00,0x00,0x00,0x00,
N  0x00,0x00,0x00,0x00,0x00,0x00,0x00,0x00,0x00,0x00,0x00,0x00,0x00,
N  0x00,0x00,0x00,0x00,0x00,0x00,0x00,0x00,0x00,0x00,0x00,0x00,0x00,
N  0x00,0x00,0x00,0x00,0x00,0x00,0x00,0x00,0x00,0x00,0x00,0x00,0x00,
N  0x00,0x00,0x00,0x00,0x00,0x00,0x00,0x00,0x00,0x00,0x00,0x00,0x00,
N  0x00,0x00,0x00,0x00,0x00,0x00,0x00,0x00,0x00,0x00,0x00,0x00,0x00,
N  0x00,0x00,0x00,0x00,0x00,0x00,0x00,0x00,0x00,0x00,0x00,0x00,0x00,
N  0x00,0x00,0x00,0x00,0x00,0x00,0x00,0x00,0x00,0x00,0x00,0x00,0x00,
N  0x00,0x00,0x00,0x00,0x00,0x00,0x00,0x00,0x00,0x00,0x00,0x00,0x00,
N  0x00,0x00,0x00,0x00,0x00,0x00,0x00,0x00,0x00,0x00,0x00,0x00,0x00,
N  0x00,0x00,0x00,0x00,0x00,0x00,0x00,0x00,0x00,0x00,0x00,0x00,0x00,
N  0x00,0x00,0x00,0x00,0x00,0x00,0x00,0x00,0x00,0x00,0x00,0x00,0x00,
N  0x00,0x00,0x00,0x00,0x00,0x00,0x00,0x00,0x00,0x00,0x00,0x00,0x00,
N  0x00,0x00,0x00,0x00,0x00,0x00,0x00,0x00,0x00,0x00,0x00,0x00,0x00,
N  0x00,0x00,0x00,0x00,0x00,0x00,0x00,0x00,0x00,0x00,0x00,0x00,0x00,
N  0x00,0x00,0x00,0x00,0x00,0x00,0x00,0x00,0x00,0x00,0x00,0x00,0x00,
N  0x00,0x00,0x00,0x00,0x00,0x00,0x00,0x00,0x00,0x00,0x00,0x00,0x00,
N  0x00,0x00,0x00,0x00,0x00,0x00,0x00,0x00,0x00,0x00,0x00,0x00,0x00,
N  0x00,0x00,0x00,0x00,0x00,0x00,0x00,0x00,0x00,0x00,0x00,0x00,0x00,
N  0x00,0x00,0x00,0x00,0x00,0x00,0x00,0x00,0x00,0x00,0x00,0x00,0x00,
N  0x00,0x00,0x00,0x00,0x00,0x00,0x00,0x00,0x00,0x00,0x00,0x00,0x00,
N  0x00,0x00,0x00,0x00,0x00,0x00,0x00,0x00,0x00,0x00,0x00,0x00,0x00,
N  0x00,0x00,0x00,0x00,0x00,0x00,0x00,0x00,0x00,0x00,0x00,0x00,0x00,
N  0x00,0x00,0x00,0x00,0x00,0x00,0x00,0x00,0x00,0x00,0x00,0x00,0x00,
N  0x00,0x00,0x00,0x00,0x00,0x00,0x00,0x00,0x00,0x00,0x00,0x00,0x00,
N  0x00,0x00,0x00,0x00,0x00,0x00,0x00,0x00,0x00,0x00,0x00,0x00,0x00,
N  0x00,0x00,0x00,0x00,0x00,0x00,0x00,0x00,0x00,0x00,0x00,0x00,0x00,
N  0x00,0x00,0x00,0x00,0x00,0x00,0x00,0x00,0x00,0x00,0x00,0x00,0x00,
N  0x00,0x00,0x00,0x00,0x00,0x00,0x00,0x00,0x00,0x00,0x00,0x00,0x00,
N  0x00,0x00,0x00,0x00,0x00,0x00,0x00,0x00,0x00,0x00,0x00,0x00,0x00,
N  0x00,0x00,0x00,0x00,0x00,0x00,0x00,0x00,0x00,0x00,0x00,0x00,0x00,
N  0x00,0x00,0x00,0x00,0x00,0x00,0x00,0x00,0x00,0x00,0x00,0x00,0x00,
N  0x00,0x00,0x00,0x00,0x00,0x00,0x00,0x00,0x00,0x00,0x00,0x00,0x00,
N  0x00,0x00,0x00,0x00,0x00,0x00,0x00,0x00,0x00,0x00,0x00,0x00,0x00,
N  0x00,0x00,0x00,0x00,0x00,0x00,0x00,0x00,0x00,0x00,0x00,0x00,0x00,
N  0x00,0x00,0x00,0x00,0x00,0x00,0x00,0x00,0x00,0x00,0x00,0x00,0x00,
N  0x00,0x00,0x00,0x00,0x00,0x00,0x00,0x00,0x00,0x00,0x00,0x00,0x00,
N  0x00,0x00,0x00,0x00,0x00,0x00,0x00,0x00,0x00,0x00,0x00,0x00,0x00,
N  0x00,0x00,0x00,0x00,0x00,0x00,0x00,0x00,0x00,0x00,0x00,0x00,0x00,
N  0x00,0x00,0x00,0x00,0x00,0x00,0x00,0x00,0x00,0x00,0x00,0x00,0x00,
N  0x00,0x00,0x00,0x00,0x00,0x00,0x00,0x00,0x00,0x00,0x00,0x00,0x00,
N  0x00,0x00,0x00,0x00,0x00,0x00,0x00,0x00,0x00,0x00,0x00,0x00,0x00,
N  0x00,0x00,0x00,0x00,0x00,0x00,0x00,0x00,0x00,0x00,0x00,0x00,0x00,
N  0x00,0x00,0x00,0x00,0x00,0x00,0x00,0x00,0x00,0x00,0x00,0x00,0x00,
N  0x00,0x00,0x00,0x00,0x00,0x00,0x00,0x00,0x00,0x00,0x00,0x00,0x00,
N  0x00,0x00,0x00,0x00,0x00,0x00,0x00,0x00,0x00,0x00,0x00,0x00,0x00,
N  0x00,0x00,0x00,0x00,0x00,0x00,0x00,0x00,0x00,0x00,0x00,0x00,0x00,
N  0x00,0x00,0x00,0x00,0x00,0x00,0x00,0x00,0x00,0x00,0x00,0x00,0x00,
N  0x00,0x00,0x00,0x00,0x00,0x00,0x00,0x00,0x00,0x00,0x00,0x00,0x00,
N  0x00,0x00,0x00,0x00,0x00,0x00,0x00,0x00,0x00,0x00,0x00,0x00,0x00,
N  0x00,0x00,0x00,0x00,0x00,0x00,0x00,0x00,0x00,0x00,0x00,0x00,0x00,
N  0x00,0x00,0x00,0x00,0x00,0x00,0x00,0x00,0x00,0x00,0x00,0x00,0x00,
N  0x00,0x00,0x00,0x00,0x00,0x00,0x00,0x00,0x00,0x00,0x00,0x00,0x00,
N  0x00,0x00,0x00,0x00,0x00,0x00,0x00,0x00,0x00,0x00,0x00,0x00,0x00,
N  0x00,0x00,0x00,0x00,0x00,0x00,0x00,0x00,0x00,0x00,0x00,0x00,0x00,
N  0x00,0x00,0x00,0x00,0x00,0x00,0x00,0x00,0x00,0x00,0x00,0x00,0x00,
N  0x00,0x00,0x00,0x00,0x00,0x00,0x00,0x00,0x00,0x00,0x00,0x00,0x00,
N  0x00,0x00,0x00,0x00,0x00,0x00,0x00,0x00,0x00,0x00,0x00,0x00,0x00,
N  0x00,0x00,0x00,0x00,0x00,0x00,0x00,0x00,0x00,0x00,0x00,0x00,0x00,
N  0x00,0x00,0x00,0x00,0x00,0x00,0x00,0x00,0x00,0x00,0x00,0x00,0x00,
N  0x00,0x00,0x00,0x00,0x00,0x00,0x00,0x00,0x00,0x00,0x00,0x00,0x00,
N  0x00,0x00,0x00,0x00,0x00,0x00,0x00,0x00,0x00,0x00,0x00,0x00,0x00,
N  0x00,0x00,0x00,0x00,0x00,0x00,0x00,0x00,0x00,0x00,0x00,0x00,0x00,
N  0x00,0x00,0x00,0x00,0x00,0x00,0x00,0x00,0x00,0x00,0x00,0x00,0x00,
N  0x00,0x00,0x00,0x00,0x00,0x00,0x00,0x00,0x00,0x00,0x00,0x00,0x00,
N  0x00,0x00,0x00,0x00,0x00,0x00,0x00,0x00,0x00,0x00,0x00,0x00,0x00,
N  0x00,0x00,0x00,0x00,0x00,0x00,0x00,0x00,0x00,0x00,0x00,0x00,0x00,
N  0x00,0x00,0x00,0x00,0x00,0x00,0x00,0x00,0x00,0x00,0x00,0x00,0x00,
N  0x00,0x00,0x00,0x00,0x00,0x00,0x00,0x00,0x00,0x00,0x00,0x00,0x00,
N  0x00,0x00,0x00,0x00,0x00,0x00,0x00,0x00,0x00,0x00,0x00,0x00,0x00,
N  0x00,0x00,0x00,0x00,0x00,0x00,0x00,0x00,0x00,0x00,0x00,0x00,0x00,
N  0x00,0x00,0x00,0x00,0x00,0x00,0x00,0x00,0x00,0x00,0x00,0x00,0x00,
N  0x00,0x00,0x00,0x00,0x00,0x00,0x00,0x00,0x00,0x00,0x00,0x00,0x00,
N  0x00,0x00,0x00,0x00,0x00,0x00,0x00,0x00,0x00,0x00,0x00,0x00,0x00,
N  0x00,0x00,0x00,0x00,0x00,0x00,0x00,0x00,0x00,0x00,0x00,0x00,0x00,
N  0x00,0x00,0x00,0x00,0x00,0x00,0x00,0x00,0x00,0x00,0x00,0x00,0x00,
N  0x00,0x00,0x00,0x00,0x00,0x00,0x00,0x00,0x00,0x00,0x00,0x00,0x00,
N  0x00,0x00,0x00,0x00,0x00,0x00,0x00,0x00,0x00,0x00,0x00,0x00,0x00,
N  0x00,0x00,0x00,0x00,0x00,0x00,0x00,0x00,0x00,0x00,0x00,0x00,0x00,
N  0x00,0x00,0x00,0x00,0x00,0x00,0x00,0x00,0x00,0x00,0x00,0x00,0x00,
N  0x00,0x00,0x00,0x00,0x00,0x00,0x00,0x00,0x00,0x00,0x00,0x00,0x00,
N  0x00,0x00,0x00,0x00,0x00,0x00,0x00,0x00,0x00,0x00,0x00,0x00,0x00,
N  0x00,0x00,0x00,0x00,0x00,0x00,0x00,0x00,0x00,0x00,0x00,0x00,0x00,
N  0x00,0x00,0x00,0x00,0x00,0x00,0x00,0x00,0x00,0x00,0x00,0x00,0x00,
N  0x00,0x00,0x00,0x00,0x00,0x00,0x00,0x00,0x00,0x00,0x00,0x00,0x00,
N  0x00,0x00,0x00,0x00,0x00,0x00,0x00,0x00,0x00,0x00,0x00,0x00,0x00,
N  0x00,0x00,0x00,0x00,0x00,0x00,0x00,0x00,0x00,0x00,0x00,0x00,0x00,
N  0x00,0x00,0x00,0x00,0x00,0x00,0x00,0x00,0x00,0x00,0x00,0x00,0x00,
N  0x00,0x00,0x00,0x00,0x00,0x00,0x00,0x00,0x00,0x00,0x00,0x00,0x00,
N  0x00,0x00,0x00,0x00,0x00,0x00,0x00,0x00,0x00,0x00,0x00,0x00,0x00,
N  0x00,0x00,0x00,0x00,0x00,0x00,0x00,0x00,0x00,0x00,0x00,0x00,0x00,
N  0x00,0x00,0x00,0x00,0x00,0x00,0x00,0x00,0x00,0x00,0x00,0x00,0x00,
N  0x00,0x00,0x00,0x00,0x00,0x00,0x00,0x00,0x00,0x00,0x00,0x00,0x00,
N  0x00,0x00,0x00,0x00,0x00,0x00,0x00,0x00,0x00,0x00,0x00,0x00,0x00,
N  0x00,0x00,0x00,0x00,0x00,0x00,0x00,0x00,0x00,0x00,0x00,0x00,0x00,
N  0x00,0x00,0x00,0x00,0x00,0x00,0x00,0x00,0x00,0x00,0x00,0x00,0x00,
N  0x00,0x00
N};
N
