L 1 "Source\ascii6x8.c"
N/*********************************************************************************************
N* File£º	AscII6x8.c
N* Author:	embest	
N* Desc£º	LCD_Test 
N* History:	
N*********************************************************************************************/
N#include "def.h"
L 1 "..\Common\Inc\def.h" 1
N/*********************************************************************************************
N* File name	: 2410lib.h
N* Author	: embest
N* Descript	: S3C2410 Example 
N* History
N*********************************************************************************************/
N#ifndef __DEF_H__
N#define __DEF_H__
N
N#define UINT32T unsigned int
N#define INT32T	int
N#define UINT16T unsigned short
N#define INT16T	short int
N#define UINT8T  unsigned char
N#define	INT8T  char
N
N#define TRUE 	1
N#define FALSE 	0
N#define OK		1
N#define FAIL	0
N#define FileEnd	1
N#define	NotEnd	0
N
N#define False 0
N#define True !False
N
N// Sets the result on bPort 
N#define BIT_SET(bPort,bBitMask)        (bPort |= bBitMask)
N#define BIT_CLR(bPort,bBitMask)        (bPort &= ~bBitMask)
N
N// Returns the result
N#define GET_BIT_SET(bPort,bBitMask)    (bPort | bBitMask)
N#define GET_BIT_CLR(bPort,bBitMask)    (bPort & ~bBitMask)
N
N// Returns 0 if the condition is False & a non-zero value if it is True
N#define TEST_BIT_SET(bPort,bBitMask)   (bPort & bBitMask)
N#define TEST_BIT_CLR(bPort,bBitMask)   ((~bPort) & bBitMask)
N
N#endif /*__DEF_H__*/
N
L 8 "Source\ascii6x8.c" 2
N
N/*------------------------------------------------------------------------------------------*/
N/*	 								constant define						 				    */
N/*------------------------------------------------------------------------------------------*/
N#define ASCII_W 8
N#define XWIDTH 6
N
N/*------------------------------------------------------------------------------------------*/
N/*	 								global variables						 				    */
N/*------------------------------------------------------------------------------------------*/
Nconst UINT8T g_ucAscii6x8[]=							/* ascii table */
Xconst unsigned char g_ucAscii6x8[]=							 
N{
N/* 0x0 */
N  0x00,0x00,0x00,0x00,0x00,0x00,0x00,0x00,
N  0x00,0x00,0x00,0x00,0x00,0x00,0x00,0x00,
N  0x00,0x00,0x00,0x00,0x00,0x00,0x00,0x00,
N  0x00,0x00,0x00,0x00,0x00,0x00,0x00,0x00,
N  0x00,0x00,0x00,0x00,0x00,0x00,0x00,0x00,
N  0x00,0x00,0x00,0x00,0x00,0x00,0x00,0x00,
N  0x00,0x00,0x00,0x00,0x00,0x00,0x00,0x00,
N  0x00,0x00,0x00,0x00,0x00,0x00,0x00,0x00,
N  0x00,0x00,0x00,0x00,0x00,0x00,0x00,0x00,
N  0x00,0x00,0x00,0x00,0x00,0x00,0x00,0x00,
N  0x00,0x00,0x00,0x00,0x00,0x00,0x00,0x00,
N  0x00,0x00,0x00,0x00,0x00,0x00,0x00,0x00,
N  0x00,0x00,0x00,0x00,0x00,0x00,0x00,0x00,
N  0x00,0x00,0x00,0x00,0x00,0x00,0x00,0x00,
N  0x00,0x00,0x00,0x00,0x00,0x00,0x00,0x00,
N  0x00,0x00,0x00,0x00,0x00,0x00,0x00,0x00,
N/*0x10*/
N  0x00,0x00,0x00,0x00,0x00,0x00,0x00,0x00,
N  0x00,0x00,0x00,0x00,0x00,0x00,0x00,0x00,
N  0x00,0x00,0x00,0x00,0x00,0x00,0x00,0x00,
N  0x00,0x00,0x00,0x00,0x00,0x00,0x00,0x00,
N  0x00,0x00,0x00,0x00,0x00,0x00,0x00,0x00,
N  0x00,0x00,0x00,0x00,0x00,0x00,0x00,0x00,
N  0x00,0x00,0x00,0x00,0x00,0x00,0x00,0x00,
N  0x00,0x00,0x00,0x00,0x00,0x00,0x00,0x00,
N  0x00,0x00,0x00,0x00,0x00,0x00,0x00,0x00,
N  0x00,0x00,0x00,0x00,0x00,0x00,0x00,0x00,
N  0x00,0x00,0x00,0x00,0x00,0x00,0x00,0x00,
N  0x00,0x00,0x00,0x00,0x00,0x00,0x00,0x00,
N  0x00,0x00,0x00,0x00,0x00,0x00,0x00,0x00,
N  0x00,0x00,0x00,0x00,0x00,0x00,0x00,0x00,
N  0x00,0x00,0x00,0x00,0x00,0x00,0x00,0x00,
N  0x00,0x00,0x00,0x00,0x00,0x00,0x00,0x00,
N/*0x20*/ 
N  0x00,0x00,0x00,0x00,0x00,0x00,0x00,0x00,
N  0x00,0x1c,0x22,0x24,0x18,0x16,0x00,0x00, /*!:¦Á*/
N  0x00,0x00,0x07,0x00,0x07,0x00,0x00,0x00, 
N  0x00,0x14,0x3e,0x14,0x3e,0x14,0x00,0x00, 
N  0x00,0x7e,0x15,0x15,0x15,0x0a,0x00,0x00, /*$:¦Â*/
N  0x00,0x23,0x13,0x08,0x64,0x62,0x00,0x00, /*%*/
N  0x00,0x36,0x49,0x55,0x22,0x50,0x00,0x00, /*&*/
N  0x00,0x00,0x05,0x03,0x00,0x00,0x00,0x00, 
N  0x00,0x00,0x1C,0x22,0x41,0x00,0x00,0x00, /*(*/
N  0x00,0x00,0x41,0x22,0x1C,0x00,0x00,0x00, /*)*/
N  0x00,0x14,0x08,0x3E,0x08,0x14,0x00,0x00, /***/
N  0x00,0x08,0x08,0x3E,0x08,0x08,0x00,0x00, /*+*/
N  0x00,0x00,0x50,0x30,0x00,0x00,0x00,0x00, /*;*/
N  0x00,0x08,0x08,0x08,0x08,0x08,0x00,0x00, 
N  0x00,0x00,0x60,0x60,0x00,0x00,0x00,0x00, 
N  0x00,0x20,0x10,0x08,0x04,0x02,0x00,0x00, 
N/*0x30*/
N  0x00,0x3E,0x51,0x49,0x45,0x3E,0x00,0x00, /*0*/
N  0x00,0x00,0x42,0x7F,0x40,0x00,0x00,0x00, /*1*/
N  0x00,0x42,0x61,0x51,0x49,0x46,0x00,0x00, /*2*/
N  0x00,0x21,0x41,0x45,0x4B,0x31,0x00,0x00, /*3*/
N  0x00,0x18,0x14,0x12,0x7F,0x10,0x00,0x00, /*4*/
N  0x00,0x27,0x45,0x45,0x45,0x39,0x00,0x00, /*5*/
N  0x00,0x3C,0x4A,0x49,0x49,0x30,0x00,0x00, /*6*/
N  0x00,0x01,0x01,0x79,0x05,0x03,0x00,0x00, /*7*/
N  0x00,0x36,0x49,0x49,0x49,0x36,0x00,0x00, /*8*/
N  0x00,0x06,0x49,0x49,0x29,0x1E,0x00,0x00, /*9*/
N  0x00,0x00,0x36,0x36,0x00,0x00,0x00,0x00, /*:*/
N  0x00,0x00,0x56,0x36,0x00,0x00,0x00,0x00, /*;*/
N  0x00,0x08,0x14,0x22,0x41,0x00,0x00,0x00, /*<*/
N  0x00,0x14,0x14,0x14,0x14,0x14,0x00,0x00, /*=*/
N  0x00,0x00,0x41,0x22,0x14,0x08,0x00,0x00, /*>*/
N  0x00,0x02,0x01,0x51,0x09,0x06,0x00,0x00, /*?*/
N/* 0x40 */
N  0x00,0x32,0x49,0x79,0x41,0x3E,0x00,0x00, /*@*/
N  0x00,0x7E,0x11,0x11,0x11,0x7E,0x00,0x00, /*A*/
N  0x00,0x41,0x7F,0x49,0x49,0x36,0x00,0x00, /*B*/
N  0x00,0x3E,0x41,0x41,0x41,0x22,0x00,0x00, /*C*/
N  0x00,0x41,0x7F,0x41,0x41,0x3E,0x00,0x00, /*D*/
N  0x00,0x7F,0x49,0x49,0x49,0x49,0x00,0x00, /*E*/
N  0x00,0x7F,0x09,0x09,0x09,0x01,0x00,0x00, /*F*/
N  0x00,0x3E,0x41,0x41,0x49,0x7A,0x00,0x00, /*G*/
N  0x00,0x7F,0x08,0x08,0x08,0x7F,0x00,0x00, /*H*/
N  0x00,0x00,0x41,0x7F,0x41,0x00,0x00,0x00, /*I*/
N  0x00,0x20,0x40,0x41,0x3F,0x01,0x00,0x00, /*J*/
N  0x00,0x7F,0x08,0x14,0x22,0x41,0x00,0x00, /*K*/
N  0x00,0x7F,0x40,0x40,0x40,0x40,0x00,0x00, /*L*/
N  0x00,0x7F,0x02,0x0C,0x02,0x7F,0x00,0x00, /*M*/
N  0x00,0x7F,0x06,0x08,0x30,0x7F,0x00,0x00, /*N*/
N  0x00,0x3E,0x41,0x41,0x41,0x3E,0x00,0x00, /*O*/
N/* 0x50 */
N  0x00,0x7F,0x09,0x09,0x09,0x06,0x00,0x00, /*P*/
N  0x00,0x3E,0x41,0x51,0x21,0x5E,0x00,0x00, /*Q*/
N  0x00,0x7F,0x09,0x19,0x29,0x46,0x00,0x00, /*R*/
N  0x00,0x26,0x49,0x49,0x49,0x32,0x00,0x00, /*S*/
N  0x00,0x01,0x01,0x7F,0x01,0x01,0x00,0x00, /*T*/
N  0x00,0x3F,0x40,0x40,0x40,0x3F,0x00,0x00, /*U*/
N  0x00,0x1F,0x20,0x40,0x20,0x1F,0x00,0x00, /*V*/
N  0x00,0x7F,0x20,0x18,0x20,0x7F,0x00,0x00, /*W*/
N  0x00,0x63,0x14,0x08,0x14,0x63,0x00,0x00, /*X*/
N  0x00,0x07,0x08,0x70,0x08,0x07,0x00,0x00, /*Y*/
N  0x00,0x61,0x51,0x49,0x45,0x43,0x00,0x00, /*Z*/
N  0x00,0x00,0x7F,0x41,0x41,0x00,0x00,0x00, /*[*/
N  0x00,0x02,0x04,0x08,0x10,0x20,0x00,0x00, /*\*/
N  0x00,0x00,0x41,0x41,0x7F,0x00,0x00,0x00, /*]*/
N  0x00,0x04,0x02,0x01,0x02,0x04,0x00,0x00, /*^*/
N  0x00,0x40,0x40,0x40,0x40,0x40,0x00,0x00, /*_*/
N/* 0x60 */
N  0x00,0x00,0x00,0x07,0x05,0x07,0x00,0x00, /*`*/
N  0x00,0x20,0x54,0x54,0x54,0x78,0x00,0x00, /*a*/
N  0x00,0x7F,0x48,0x44,0x44,0x38,0x00,0x00, /*b*/
N  0x00,0x38,0x44,0x44,0x44,0x28,0x00,0x00, /*c*/
N  0x00,0x38,0x44,0x44,0x48,0x7F,0x00,0x00, /*d*/
N  0x00,0x38,0x54,0x54,0x54,0x18,0x00,0x00, /*e*/
N  0x00,0x00,0x08,0x7E,0x09,0x02,0x00,0x00, /*f*/ 
N  0x00,0x0C,0x52,0x52,0x4C,0x3E,0x00,0x00, /*g*/
N  0x00,0x7F,0x08,0x04,0x04,0x78,0x00,0x00, /*h*/
N  0x00,0x00,0x44,0x7D,0x40,0x00,0x00,0x00, /*i*/
N  0x00,0x20,0x40,0x44,0x3D,0x00,0x00,0x00, /*j*/
N  0x00,0x00,0x7F,0x10,0x28,0x44,0x00,0x00, /*k*/
N  0x00,0x00,0x41,0x7F,0x40,0x00,0x00,0x00, /*l*/
N  0x00,0x7C,0x04,0x78,0x04,0x78,0x00,0x00, /*m*/
N  0x00,0x7C,0x08,0x04,0x04,0x78,0x00,0x00, /*n*/
N  0x00,0x38,0x44,0x44,0x44,0x38,0x00,0x00, /*o*/
N/* 0x70 */
N  0x00,0x7E,0x0C,0x12,0x12,0x0C,0x00,0x00, /*p*/
N  0x00,0x0C,0x12,0x12,0x0C,0x7E,0x00,0x00, /*q*/
N  0x00,0x7C,0x08,0x04,0x04,0x08,0x00,0x00, /*r*/
N  0x00,0x58,0x54,0x54,0x54,0x64,0x00,0x00, /*s*/
N  0x00,0x04,0x3F,0x44,0x40,0x20,0x00,0x00, /*t*/
N  0x00,0x3C,0x40,0x40,0x3C,0x40,0x00,0x00, /*u*/
N  0x00,0x1C,0x20,0x40,0x20,0x1C,0x00,0x00, /*v*/
N  0x00,0x3C,0x40,0x30,0x40,0x3C,0x00,0x00, /*w*/
N  0x00,0x44,0x28,0x10,0x28,0x44,0x00,0x00, /*x*/
N  0x00,0x1C,0xA0,0xA0,0x90,0x7C,0x00,0x00, /*y*/
N  0x00,0x44,0x64,0x54,0x4C,0x44,0x00,0x00, /*z*/
N  0x00,0x00,0x08,0x36,0x41,0x00,0x00,0x00, /*{*/
N  0x00,0x00,0x00,0x77,0x00,0x00,0x00,0x00, /*|*/
N  0x00,0x00,0x41,0x36,0x08,0x00,0x00,0x00, /*}*/
N  0x00,0x08,0x04,0x08,0x10,0x08,0x00,0x00, /*~*/
N  0x00,0x5c,0x62,0x02,0x62,0x5c,0x00,0x00  /*OM*/
N};
