L 1 "Source\axis.c"
N/*********************************************************************************************
N* File£º	bmp_data.c
N* Author:	Embest	
N* Desc£º	bmp data
N* History:	
N*********************************************************************************************/
N#include "def.h"
L 1 "..\Common\Inc\def.h" 1
N/*********************************************************************************************
N* File name	: 2410lib.h
N* Author	: embest
N* Descript	: S3C2410 Example 
N* History
N*********************************************************************************************/
N#ifndef __DEF_H__
N#define __DEF_H__
N
N#define UINT32T unsigned int
N#define INT32T	int
N#define UINT16T unsigned short
N#define INT16T	short int
N#define UINT8T  unsigned char
N#define	INT8T  char
N
N#define TRUE 	1
N#define FALSE 	0
N#define OK		1
N#define FAIL	0
N#define FileEnd	1
N#define	NotEnd	0
N
N#define False 0
N#define True !False
N
N// Sets the result on bPort 
N#define BIT_SET(bPort,bBitMask)        (bPort |= bBitMask)
N#define BIT_CLR(bPort,bBitMask)        (bPort &= ~bBitMask)
N
N// Returns the result
N#define GET_BIT_SET(bPort,bBitMask)    (bPort | bBitMask)
N#define GET_BIT_CLR(bPort,bBitMask)    (bPort & ~bBitMask)
N
N// Returns 0 if the condition is False & a non-zero value if it is True
N#define TEST_BIT_SET(bPort,bBitMask)   (bPort & bBitMask)
N#define TEST_BIT_CLR(bPort,bBitMask)   ((~bPort) & bBitMask)
N
N#endif /*__DEF_H__*/
N
L 8 "Source\axis.c" 2
N
N/*------------------------------------------------------------------------------------------*/
N/*	 								global variables						 			    */
N/*------------------------------------------------------------------------------------------*/
Nconst unsigned char gImage_axis[76800] = { 0X00,0X10,0X20,0X03,0XE0,0X01,0X01,0X1B,
N	/* 0X00,0X01,0XF0,0X00,0X99,0X00,
N0X00,0X00,0X00,0X00,0X00,0X00,0X00,0X00,0X00,0X00,0X00,0X00,0X00,0X00,0X00,0X00,
N0X00,0X00,0X00,0X00,0X00,0X00,0X00,0X00,0X00,0X00,0X00,0X00,0X00,0X00,0X00,0X00,
N0X03,0X00,0X00,0X00,0X00,0X00,0X00,0X00,0X00,0X00,0X00,0X00,0X00,0X00,0X00,0X00,
N0X00,0X00,0X00,0X00,0X00,0X00,0X00,0X00,0X00,0X00,0X00,0X00,0X00,0X00,0X03,0X00,
N0X00,0X00,0X00,0X00,0X00,0X00,0X00,0X00,0X00,0X00,0X00,0X00,0X00,0X00,0X00,0X00,
N0X00,0X00,0X00,0X00,0X00,0X00,0X00,0X00,0X00,0X00,0X00,0X00,0X03,0X00,0X00,0X00,
N0X00,0X00,0X00,0X00,0X00,0X00,0X00,0X00,0X00,0X00,0X00,0X00,0X00,0X00,0X00,0X00,
N0X00,0X00,0X00,0X00,0X00,0X00,0X00,0X00,0X30,0X00,0X03,0X00,0X00,0X1E,0X30,0X00,
N0X06,0X00,0X00,0X00,0X00,0X00,0X00,0X00,0X00,0X00,0X00,0X00,0X00,0X00,0X00,0X00,
N0X00,0X00,0X00,0X00,0X00,0X00,0X38,0X00,0X03,0X00,0X00,0X3F,0X38,0X00,0X07,0X00,
N0X00,0X00,0X00,0X00,0X00,0X00,0X00,0X00,0X00,0X00,0X00,0X00,0X00,0X00,0X00,0X00,
N0X00,0X00,0X00,0X00,0X38,0X00,0X03,0X00,0X00,0X3B,0XB8,0X00,0X07,0X00,0X00,0X00,
N0X00,0X00,0X00,0X00,0X00,0X00,0X00,0X00,0X00,0X00,0X00,0X00,0X00,0X00,0X00,0X00,
N0X00,0X00,0X3B,0XFE,0X1F,0X1F,0X1E,0X1B,0XB8,0X1E,0X3F,0X00,0X00,0X00,0X00,0X00,
N0X00,0X00,0X00,0X00,0X00,0X00,0X00,0X00,0X00,0X00,0X00,0X00,0X00,0X00,0X00,0X00,
N0X3B,0XFF,0X3F,0X3F,0XBF,0X07,0XB8,0X3F,0X7F,0X00,0X00,0X00,0X00,0X00,0X00,0X00,
N0X00,0X00,0X00,0X00,0X00,0X00,0X00,0X00,0X00,0X00,0X00,0X00,0X00,0X00,0X3B,0XBB,
N0X9F,0XBB,0XBF,0X8F,0X38,0X39,0XF7,0X00,0X00,0X00,0X00,0X00,0X00,0X00,0X00,0X00,
N0X00,0X00,0X00,0X00,0X00,0X00,0X00,0X00,0X00,0X00,0X00,0X00,0X3B,0XBB,0X9F,0XBB,
N0XBF,0X9E,0X38,0X38,0X77,0X00,0X00,0X00,0X00,0X00,0X00,0X00,0X00,0X00,0X00,0X00,
N0X00,0X00,0X00,0X00,0X00,0X00,0X00,0X00,0X00,0X00,0X3B,0XBB,0XBF,0XBB,0XB8,0X3C,
N0X38,0X38,0X77,0X00,0X00,0X00,0X00,0X00,0X00,0X00,0X00,0X00,0X00,0X00,0X00,0X00,
N0X00,0X00,0X00,0X00,0X00,0X00,0X00,0X00,0X3B,0XBB,0XBB,0XBB,0XBB,0X38,0X38,0X3B,
N0X77,0X00,0X00,0X00,0X00,0X00,0X00,0X00,0X00,0X00,0X00,0X00,0X00,0X00,0X00,0X00,
N0X00,0X00,0X00,0X00,0X00,0X00,0X3B,0XBB,0X9F,0X9F,0X9F,0XBF,0X3F,0X9F,0XBF,0X00,
N0X00,0X00,0X00,0X00,0X00,0X00,0X00,0X00,0X00,0X00,0X00,0X00,0X00,0X00,0X00,0X00,
N0X00,0X00,0X00,0X00,0X19,0X99,0X8F,0X8F,0X8F,0X1F,0X9F,0XCF,0X1F,0X00,0X00,0X00,
N0X00,0X00,0X00,0X00,0X00,0X00,0X00,0X00,0X00,0X00,0X00,0X00,0X00,0X00,0X00,0X00,
N0X00,0X00,0X00,0X00,0X03,0X33,0X80,0X00,0X00,0X00,0X00,0X00,0X00,0X00,0X00,0X00,
N0X00,0X00,0X00,0X00,0X00,0X00,0X00,0X00,0X00,0X00,0X00,0X00,0X00,0X00,0X00,0X00,
N0X00,0X00,0X03,0X1F,0X80,0X00,0X00,0X00,0X00,0X00,0X00,0X00,0X00,0X00,0X00,0X00,
N0X00,0X00,0X00,0X00,0X00,0X00,0X00,0X00,0X00,0X00,0X00,0X00,0X00,0X00,0X00,0X00,
N0X03,0X0F,0X00,0X00,0X00,0X00,0X00,0X00,0X00,0X00,0X00,0X00,0X00,0X00,0X00,0X00,
N0X00,0X00,0X00,0X00,0X00,0X00,0X00,0X00,0X00,0X00,0X00,0X00,0X00,0X00,0X03,0X00,
N0X00,0X00,0X00,0X00,0X00,0X00,0X00,0X00,0X00,0X00,0X00,0X00,0X00,0X00,0X00,0X00,
N0X00,0X00,0X00,0X00,0X00,0X00,0X00,0X00,0X00,0X00,0X00,0X00,0X03,0X00,0X00,0X00,
N0X00,0X00,0X00,0X00,0X00,0X00,0X00,0X00,0X00,0X00,0X00,0X00,0X00,0X00,0X00,0X00,
N0X00,0X00,0X00,0X00,0X00,0X00,0X00,0X00,0X00,0X00,0X03,0X00,0X00,0X00,0X00,0X00,
N0X00,0X00,0X00,0X00,0X00,0X00,0X00,0X00,0X00,0X00,0X00,0X00,0X00,0X00,0X00,0X00,
N0X00,0X00,0X00,0X00,0X00,0X00,0X00,0X00,0X03,0X00,0X00,0X00,0X00,0X00,0X00,0X00,
N0X00,0X00,0X00,0X00,0X00,0X00,0X00,0X00,0X00,0X00,0X00,0X00,0X00,0X00,0X00,0X00,
N0X00,0X00,0X00,0X00,0X00,0X00,0X03,0X00,0X00,0X00,0X00,0X00,0X00,0X00,0X00,0X00,
N0X00,0X00,0X00,0X00,0X00,0X00,0X00,0X00,0X00,0X00,0X00,0X00,0X00,0X00,0X00,0X00,
N0X00,0X00,0X00,0X00,0X03,0X00,0X00,0X00,0X00,0X00,0X00,0X00,0X00,0X00,0X00,0X00,
N0X00,0X00,0X00,0X00,0X00,0X00,0X00,0X00,0X00,0X00,0X00,0X00,0X00,0X00,0X00,0X00,
N0X00,0X00,0X03,0X00,0X00,0X00,0X00,0X00,0X00,0X00,0X00,0X00,0X00,0X00,0X00,0X00,
N0X00,0X00,0X00,0X00,0X00,0X00,0X00,0X00,0X00,0X00,0X00,0X00,0X00,0X00,0X00,0X00,
N0X03,0X00,0X00,0X00,0X00,0X00,0X00,0X00,0X00,0X00,0X00,0X00,0X00,0X00,0X00,0X00,
N0X00,0X00,0X00,0X00,0X00,0X00,0X00,0X00,0X00,0X00,0X00,0X00,0X00,0X00,0X03,0X00,
N0X00,0X00,0X00,0X00,0X00,0X00,0X00,0X00,0X00,0X00,0X00,0X00,0X00,0X00,0X00,0X00,
N0X00,0X00,0X00,0X00,0X00,0X00,0X00,0X00,0X00,0X00,0X00,0X00,0X03,0X00,0X00,0X00,
N0X00,0X00,0X00,0X00,0X00,0X00,0X00,0X00,0X00,0X00,0X00,0X00,0X00,0X00,0X00,0X00,
N0X00,0X00,0X00,0X00,0X00,0X00,0X00,0X00,0X00,0X00,0X03,0X00,0X00,0X00,0X00,0X00,
N0X00,0X00,0X00,0X00,0X00,0X00,0X00,0X00,0X00,0X00,0X00,0X00,0X00,0X00,0X00,0X00,
N0X00,0X00,0X00,0X00,0X00,0X00,0X00,0X00,0X03,0X00,0X00,0X00,0X00,0X00,0X00,0X00,
N0X00,0X00,0X00,0X00,0X00,0X00,0X00,0X00,0X00,0X00,0X00,0X00,0X00,0X00,0X00,0X00,
N0X00,0X00,0X00,0X00,0X00,0X00,0X03,0X00,0X00,0X00,0X00,0X00,0X00,0X00,0X00,0X00,
N0X00,0X00,0X00,0X00,0X00,0X00,0X00,0X00,0X00,0X00,0X00,0X00,0X00,0X00,0X00,0X00,
N0X00,0X00,0X00,0X00,0X03,0X00,0X00,0X00,0X00,0X00,0X00,0X00,0X00,0X00,0X00,0X00,
N0X00,0X00,0X00,0X00,0X00,0X00,0X00,0X00,0X00,0X00,0X00,0X00,0X00,0X00,0X00,0X00,
N0X00,0X00,0X03,0X00,0X00,0X00,0X00,0X00,0X00,0X00,0X00,0X00,0X00,0X00,0X00,0X00,
N0X00,0X00,0X00,0X00,0X00,0X00,0X00,0X00,0X00,0X00,0X00,0X00,0X00,0X00,0X00,0X00,
N0X03,0X00,0X00,0X00,0X00,0X00,0X00,0X00,0X00,0X00,0X00,0X00,0X00,0X00,0X00,0X00,
N0X00,0X00,0X00,0X00,0X00,0X00,0X00,0X00,0X00,0X00,0X00,0X00,0X00,0X00,0X03,0X00,
N0X00,0X00,0X00,0X00,0X00,0X00,0X00,0X00,0X00,0X00,0X00,0X00,0X00,0X00,0X00,0X00,
N0X00,0X00,0X00,0X00,0X00,0X00,0X00,0X00,0X00,0X00,0X00,0X00,0X03,0X00,0X00,0X00,
N0X00,0X00,0X00,0X00,0X00,0X00,0X00,0X00,0X00,0X00,0X00,0X00,0X00,0X00,0X00,0X00,
N0X00,0X00,0X00,0X00,0X00,0X00,0X00,0X00,0X00,0X00,0X03,0X00,0X00,0X00,0X00,0X00,
N0X00,0X00,0X00,0X00,0X00,0X00,0X00,0X00,0X00,0X00,0X00,0X00,0X00,0X00,0X00,0X00,
N0X00,0X00,0X00,0X00,0X00,0X00,0X00,0X00,0X03,0X00,0X00,0X00,0X00,0X00,0X00,0X00,
N0X00,0X00,0X00,0X00,0X00,0X00,0X00,0X00,0X00,0X00,0X00,0X00,0X00,0X00,0X00,0X00,
N0X00,0X00,0X00,0X00,0X00,0X00,0X03,0X00,0X00,0X00,0X00,0X00,0X00,0X00,0X00,0X00,
N0X00,0X00,0X00,0X00,0X00,0X00,0X00,0X00,0X00,0X00,0X00,0X00,0X00,0X00,0X00,0X00,
N0X00,0X00,0X00,0X00,0X03,0X00,0X00,0X00,0X00,0X00,0X00,0X00,0X00,0X00,0X00,0X00,
N0X00,0X00,0X00,0X00,0X00,0X00,0X00,0X00,0X00,0X00,0X00,0X00,0X00,0X00,0X00,0X00,
N0X00,0X00,0X03,0X00,0X00,0X00,0X00,0X00,0X00,0X00,0X00,0X00,0X00,0X00,0X00,0X00,
N0X00,0X00,0X00,0X00,0X00,0X00,0X00,0X00,0X00,0X00,0X00,0X00,0X00,0X00,0X00,0X00,
N0X03,0X00,0X00,0X00,0X00,0X00,0X00,0X00,0X00,0X00,0X00,0X00,0X00,0X00,0X00,0X00,
N0X00,0X00,0X00,0X00,0X00,0X00,0X00,0X00,0X00,0X00,0X00,0X00,0X00,0X00,0X03,0X00,
N0X00,0X00,0X00,0X00,0X00,0X00,0X00,0X00,0X00,0X00,0X00,0X00,0X00,0X00,0X00,0X00,
N0X00,0X00,0X00,0X00,0X00,0X00,0X00,0X00,0X00,0X00,0X00,0X00,0X03,0X00,0X00,0X00,
N0X00,0X00,0X00,0X00,0X00,0X00,0X00,0X00,0X00,0X00,0X00,0X00,0X00,0X00,0X00,0X00,
N0X00,0X00,0X00,0X00,0X00,0X00,0X00,0X00,0X00,0X00,0X03,0X00,0X00,0X00,0X00,0X00,
N0X00,0X00,0X00,0X00,0X00,0X00,0X00,0X00,0X00,0X00,0X00,0X00,0X00,0X00,0X00,0X00,
N0X00,0X00,0X00,0X00,0X00,0X00,0X00,0X00,0X03,0X00,0X00,0X00,0X00,0X00,0X00,0X00,
N0X00,0X00,0X00,0X00,0X00,0X00,0X00,0X00,0X00,0X00,0X00,0X00,0X00,0X00,0X00,0X00,
N0X00,0X00,0X00,0X00,0X00,0X00,0X03,0X00,0X00,0X00,0X00,0X00,0X00,0X00,0X00,0X00,
N0X00,0X00,0X00,0X00,0X00,0X00,0X00,0X00,0X00,0X00,0X00,0X00,0X00,0X00,0X00,0X00,
N0X00,0X00,0X00,0X00,0X03,0X00,0X00,0X00,0X00,0X00,0X00,0X00,0X00,0X00,0X00,0X00,
N0X00,0X00,0X00,0X00,0X00,0X00,0X00,0X00,0X00,0X00,0X00,0X00,0X00,0X00,0X00,0X00,
N0X00,0X00,0X03,0X00,0X00,0X00,0X00,0X00,0X00,0X00,0X00,0X00,0X00,0X00,0X00,0X00,
N0X00,0X00,0X00,0X00,0X00,0X00,0X00,0X00,0X00,0X00,0X00,0X00,0X00,0X00,0X00,0X00,
N0X03,0X00,0X00,0X00,0X00,0X00,0X00,0X00,0X00,0X00,0X00,0X00,0X00,0X00,0X00,0X00,
N0X00,0X00,0X00,0X00,0X00,0X00,0X00,0X00,0X00,0X00,0X00,0X00,0X00,0X00,0X03,0X00,
N0X00,0X00,0X00,0X00,0X00,0X00,0X00,0X00,0X00,0X00,0X00,0X00,0X00,0X00,0X00,0X00,
N0X00,0X00,0X00,0X00,0X00,0X00,0X00,0X00,0X00,0X00,0X00,0X00,0X03,0X00,0X00,0X00,
N0X00,0X00,0X00,0X00,0X00,0X00,0X00,0X00,0X00,0X00,0X00,0X00,0X00,0X00,0X00,0X00,
N0X00,0X00,0X00,0X00,0X00,0X00,0X00,0X00,0X00,0X00,0X03,0X00,0X00,0X00,0X00,0X00,
N0X00,0X00,0X00,0X00,0X00,0X00,0X00,0X00,0X00,0X00,0X00,0X00,0X00,0X00,0X00,0X00,
N0X00,0X00,0X00,0X00,0X00,0X00,0X00,0X00,0X03,0X00,0X00,0X00,0X00,0X00,0X00,0X00,
N0X00,0X00,0X00,0X00,0X00,0X00,0X00,0X00,0X00,0X00,0X00,0X00,0X00,0X00,0X00,0X00,
N0X00,0X00,0X00,0X00,0X00,0X00,0X03,0X00,0X00,0X00,0X00,0X00,0X00,0X00,0X00,0X00,
N0X00,0X00,0X00,0X00,0X00,0X00,0X00,0X00,0X00,0X00,0X00,0X00,0X00,0X00,0X00,0X00,
N0X00,0X00,0X00,0X00,0X03,0X00,0X00,0X00,0X00,0X00,0X00,0X00,0X00,0X00,0X00,0X00,
N0X00,0X00,0X00,0X00,0X00,0X00,0X00,0X00,0X00,0X00,0X00,0X00,0X00,0X00,0X00,0X00,
N0X00,0X00,0X03,0X00,0X00,0X00,0X00,0X00,0X00,0X00,0X00,0X00,0X00,0X00,0X00,0X00,
N0X00,0X00,0X00,0X00,0X00,0X00,0X00,0X00,0X00,0X00,0X00,0X00,0X00,0X00,0X00,0X00,
N0X03,0X00,0X00,0X00,0X00,0X00,0X00,0X00,0X00,0X00,0X00,0X00,0X00,0X00,0X00,0X00,
N0X00,0X00,0X00,0X00,0X00,0X00,0X00,0X00,0X00,0X00,0X00,0X00,0X00,0X00,0X03,0X00,
N0X00,0X00,0X00,0X00,0X00,0X00,0X00,0X00,0X00,0X00,0X00,0X00,0X00,0X00,0X00,0X00,
N0X00,0X00,0X00,0X00,0X00,0X00,0X00,0X00,0X00,0X00,0X00,0X00,0X03,0X00,0X00,0X00,
N0X00,0X00,0X00,0X00,0X00,0X00,0X00,0X00,0X00,0X00,0X00,0X00,0X00,0X00,0X00,0X00,
N0X00,0X00,0X00,0X00,0X00,0X00,0X00,0X00,0X00,0X00,0X03,0X00,0X00,0X00,0X00,0X00,
N0X00,0X00,0X00,0X00,0X00,0X00,0X00,0X00,0X00,0X00,0X00,0X00,0X00,0X00,0X00,0X00,
N0X00,0X00,0X00,0X00,0X00,0X00,0X00,0X00,0X03,0X00,0X00,0X00,0X00,0X00,0X00,0X00,
N0X00,0X00,0X00,0X00,0X00,0X00,0X00,0X00,0X00,0X00,0X00,0X00,0X00,0X00,0X00,0X00,
N0X00,0X00,0X00,0X00,0X00,0X00,0X03,0X00,0X00,0X00,0X00,0X00,0X00,0X00,0X00,0X00,
N0X00,0X00,0X00,0X00,0X00,0X00,0X00,0X00,0X00,0X00,0X00,0X00,0X00,0X00,0X00,0X00,
N0X00,0X00,0X00,0X00,0X03,0X00,0X00,0X00,0X00,0X00,0X00,0X00,0X00,0X00,0X00,0X00,
N0X00,0X00,0X00,0X00,0X00,0X00,0X00,0X00,0X00,0X00,0X00,0X00,0X00,0X00,0X00,0X00,
N0X00,0X00,0X03,0X00,0X00,0X00,0X00,0X00,0X00,0X00,0X00,0X00,0X00,0X00,0X00,0X00,
N0X00,0X00,0X00,0X00,0X00,0X00,0X00,0X00,0X00,0X00,0X00,0X00,0X00,0X00,0X00,0X00,
N0X03,0X00,0X00,0X00,0X00,0X00,0X00,0X00,0X00,0X00,0X00,0X00,0X00,0X00,0X00,0X00,
N0X00,0X00,0X00,0X00,0X00,0X00,0X00,0X00,0X00,0X00,0X00,0X00,0X00,0X00,0X03,0X00,
N0X00,0X00,0X00,0X00,0X00,0X00,0X00,0X00,0X00,0X00,0X00,0X00,0X00,0X00,0X00,0X00,
N0X00,0X00,0X00,0X00,0X00,0X00,0X00,0X00,0X00,0X00,0X00,0X00,0X03,0X00,0X00,0X00,
N0X00,0X00,0X00,0X00,0X00,0X00,0X00,0X00,0X00,0X00,0X00,0X00,0X00,0X00,0X00,0X00,
N0X00,0X00,0X00,0X00,0X00,0X00,0X00,0X00,0X00,0X00,0X03,0X00,0X00,0X00,0X00,0X00,
N0X00,0X00,0X00,0X00,0X00,0X00,0X00,0X00,0X00,0X00,0X00,0X00,0X00,0X00,0X00,0X00,
N0X00,0X00,0X00,0X00,0X00,0X00,0XFF,0XFF,0XFF,0XFF,0XFF,0XFF,0XFF,0XFF,0XFF,0XFF,
N0XFF,0XFF,0XFF,0XFF,0XFF,0XFF,0XFF,0XFF,0XFF,0XFF,0XFF,0XFF,0XFF,0XFF,0XFF,0XFF,
N0XFF,0XFF,0XFF,0XFF,0XFF,0XFF,0XFF,0XFF,0XFF,0XFF,0XFF,0XFF,0XFF,0XFF,0XFF,0XFF,
N0XFF,0XFF,0XFF,0XFF,0XFF,0XFF,0XFF,0XFF,0XFF,0XFF,0XFF,0XFF,0XFF,0XFF,0XFF,0XFF,
N0XFF,0XFF,0X00,0X00,0X03,0X00,0X00,0X00,0X00,0X00,0X00,0X00,0X00,0X00,0X00,0X00,
N0X00,0X00,0X00,0X00,0X00,0X00,0X00,0X00,0X00,0X00,0X00,0X00,0X00,0X00,0X00,0X00,
N0X00,0X00,0X03,0X00,0X00,0X00,0X00,0X00,0X00,0X00,0X00,0X00,0X00,0X00,0X00,0X00,
N0X00,0X00,0X00,0X00,0X00,0X00,0X00,0X00,0X00,0X00,0X00,0X00,0X00,0X00,0X00,0X00,
N0X03,0X00,0X00,0X00,0X00,0X00,0X00,0X00,0X00,0X00,0X00,0X00,0X00,0X00,0X00,0X00,
N0X00,0X00,0X00,0X00,0X00,0X00,0X00,0X00,0X00,0X00,0X00,0X00,0X00,0X00,0X03,0X00,
N0X00,0X00,0X00,0X00,0X00,0X00,0X00,0X00,0X00,0X00,0X00,0X00,0X00,0X00,0X00,0X00,
N0X00,0X00,0X00,0X00,0X00,0X00,0X00,0X00,0X00,0X00,0X00,0X00,0X03,0X00,0X00,0X00,
N0X00,0X00,0X00,0X00,0X00,0X00,0X00,0X00,0X00,0X00,0X00,0X00,0X00,0X00,0X00,0X00,
N0X00,0X00,0X00,0X00,0X00,0X00,0X00,0X00,0X00,0X00,0X03,0X00,0X00,0X00,0X00,0X00,
N0X00,0X00,0X00,0X00,0X00,0X00,0X00,0X00,0X00,0X00,0X00,0X00,0X00,0X00,0X00,0X00,
N0X00,0X00,0X00,0X00,0X00,0X00,0X00,0X00,0X03,0X00,0X00,0X00,0X00,0X00,0X00,0X00,
N0X00,0X00,0X00,0X00,0X00,0X00,0X00,0X00,0X00,0X00,0X00,0X00,0X00,0X00,0X00,0X00,
N0X00,0X00,0X00,0X00,0X00,0X00,0X03,0X00,0X00,0X00,0X00,0X00,0X00,0X00,0X00,0X00,
N0X00,0X00,0X00,0X00,0X00,0X00,0X00,0X00,0X00,0X00,0X00,0X00,0X00,0X00,0X00,0X00,
N0X00,0X00,0X00,0X00,0X03,0X00,0X00,0X00,0X00,0X00,0X00,0X00,0X00,0X00,0X00,0X00,
N0X00,0X00,0X00,0X00,0X00,0X00,0X00,0X00,0X00,0X00,0X00,0X00,0X00,0X00,0X00,0X00,
N0X00,0X00,0X03,0X00,0X00,0X00,0X00,0X00,0X00,0X00,0X00,0X00,0X00,0X00,0X00,0X00,
N0X00,0X00,0X00,0X00,0X00,0X00,0X00,0X00,0X00,0X00,0X00,0X00,0X00,0X00,0X00,0X00,
N0X03,0X00,0X00,0X00,0X00,0X00,0X00,0X00,0X00,0X00,0X00,0X00,0X00,0X00,0X00,0X00,
N0X00,0X00,0X00,0X00,0X00,0X00,0X00,0X00,0X00,0X00,0X00,0X00,0X00,0X00,0X03,0X00,
N0X00,0X00,0X00,0X00,0X00,0X00,0X00,0X00,0X00,0X00,0X00,0X00,0X00,0X00,0X00,0X00,
N0X00,0X00,0X00,0X00,0X00,0X00,0X00,0X00,0X00,0X00,0X00,0X00,0X03,0X00,0X00,0X00,
N0X00,0X00,0X00,0X00,0X00,0X00,0X00,0X00,0X00,0X00,0X00,0X00,0X00,0X00,0X00,0X00,
N0X00,0X00,0X00,0X00,0X00,0X00,0X00,0X00,0X00,0X00,0X03,0X00,0X00,0X00,0X00,0X00,
N0X00,0X00,0X00,0X00,0X00,0X00,0X00,0X00,0X00,0X00,0X00,0X00,0X00,0X00,0X00,0X00,
N0X00,0X00,0X00,0X00,0X00,0X00,0X00,0X00,0X03,0X00,0X00,0X00,0X00,0X00,0X00,0X00,
N0X00,0X00,0X00,0X00,0X00,0X00,0X00,0X00,0X00,0X00,0X00,0X00,0X00,0X00,0X00,0X00,
N0X00,0X00,0X00,0X00,0X00,0X00,0X03,0X00,0X00,0X00,0X00,0X00,0X00,0X00,0X00,0X00,
N0X00,0X00,0X00,0X00,0X00,0X00,0X00,0X00,0X00,0X00,0X00,0X00,0X00,0X00,0X00,0X00,
N0X00,0X00,0X00,0X00,0X03,0X00,0X00,0X00,0X00,0X00,0X00,0X00,0X00,0X00,0X00,0X00,
N0X00,0X00,0X00,0X00,0X00,0X00,0X00,0X00,0X00,0X00,0X00,0X00,0X00,0X00,0X00,0X00,
N0X00,0X00,0X03,0X00,0X00,0X00,0X00,0X00,0X00,0X00,0X00,0X00,0X00,0X00,0X00,0X00,
N0X00,0X00,0X00,0X00,0X00,0X00,0X00,0X00,0X00,0X00,0X00,0X00,0X00,0X00,0X00,0X00,
N0X03,0X00,0X00,0X00,0X00,0X00,0X00,0X00,0X00,0X00,0X00,0X00,0X00,0X00,0X00,0X00,
N0X00,0X00,0X00,0X00,0X00,0X00,0X00,0X00,0X00,0X00,0X00,0X00,0X00,0X00,0X03,0X00,
N0X00,0X00,0X00,0X00,0X00,0X00,0X00,0X00,0X00,0X00,0X00,0X00,0X00,0X00,0X00,0X00,
N0X00,0X00,0X00,0X00,0X00,0X00,0X00,0X00,0X00,0X00,0X00,0X00,0X03,0X00,0X00,0X00,
N0X00,0X00,0X00,0X00,0X00,0X00,0X00,0X00,0X00,0X00,0X00,0X00,0X00,0X00,0X00,0X00,
N0X00,0X00,0X00,0X00,0X00,0X00,0X00,0X00,0X00,0X00,0X03,0X00,0X00,0X00,0X00,0X00,
N0X00,0X00,0X00,0X00,0X00,0X00,0X00,0X00,0X00,0X00,0X00,0X00,0X00,0X00,0X00,0X00,
N0X00,0X00,0X00,0X00,0X00,0X00,0X00,0X00,0X03,0X00,0X00,0X00,0X00,0X00,0X00,0X00,
N0X00,0X00,0X00,0X00,0X00,0X00,0X00,0X00,0X00,0X00,0X00,0X00,0X00,0X00,0X00,0X00,
N0X00,0X00,0X00,0X00,0X00,0X00,0X03,0X00,0X00,0X00,0X00,0X00,0X00,0X00,0X00,0X00,
N0X00,0X00,0X00,0X00,0X00,0X00,0X00,0X00,0X00,0X00,0X00,0X00,0X00,0X00,0X00,0X00,
N0X00,0X00,0X00,0X00,0X03,0X00,0X00,0X00,0X00,0X00,0X00,0X00,0X00,0X00,0X00,0X00,
N0X00,0X00,0X00,0X00,0X00,0X00,0X00,0X00,0X00,0X00,0X00,0X00,0X00,0X00,0X00,0X00,
N0X00,0X00,0X03,0X00,0X00,0X00,0X00,0X00,0X00,0X00,0X00,0X00,0X00,0X00,0X00,0X00,
N0X00,0X00,0X00,0X00,0X00,0X00,0X00,0X00,0X00,0X00,0X00,0X00,0X00,0X00,0X00,0X00,
N0X03,0X00,0X00,0X00,0X00,0X00,0X00,0X00,0X00,0X00,0X00,0X00,0X00,0X00,0X00,0X00,
N0X00,0X00,0X00,0X00,0X00,0X00,0X00,0X00,0X00,0X00,0X00,0X00,0X00,0X00,0X03,0X00,
N0X00,0X00,0X00,0X00,0X00,0X00,0X00,0X00,0X00,0X00,0X00,0X00,0X00,0X00,0X00,0X00,
N0X00,0X00,0X00,0X00,0X00,0X00,0X00,0X00,0X00,0X00,0X00,0X00,0X03,0X00,0X00,0X00,
N0X00,0X00,0X00,0X00,0X00,0X00,0X00,0X00,0X00,0X00,0X00,0X00,0X00,0X00,0X00,0X00,
N0X00,0X00,0X00,0X00,0X00,0X00,0X00,0X00,0X00,0X00,0X03,0X00,0X00,0X00,0X00,0X00,
N0X00,0X00,0X00,0X00,0X00,0X00,0X00,0X00,0X00,0X00,0X00,0X00,0X00,0X00,0X00,0X00,
N0X00,0X00,0X00,0X00,0X00,0X00,0X00,0X00,0X03,0X00,0X00,0X00,0X00,0X00,0X00,0X00,
N0X00,0X00,0X00,0X00,0X00,0X00,0X00,0X00,0X00,0X00,0X00,0X00,0X00,0X00,0X00,0X00,
N0X00,0X00,0X00,0X00,0X00,0X00,0X03,0X00,0X00,0X00,0X00,0X00,0X00,0X00,0X00,0X00,
N0X00,0X00,0X00,0X00,0X00,0X00,0X00,0X00,0X00,0X00,0X00,0X00,0X00,0X00,0X00,0X00,
N0X00,0X00,0X00,0X00,0X03,0X00,0X00,0X00,0X00,0X00,0X00,0X00,0X00,0X00,0X00,0X00,
N0X00,0X00,0X00,0X00,0X00,0X00,0X00,0X00,0X00,0X00,0X00,0X00,0X00,0X00,0X00,0X00,
N0X00,0X00,0X03,0X00,0X00,0X00,0X00,0X00,0X00,0X00,0X00,0X00,0X00,0X00,0X00,0X00,
N0X00,0X00,0X00,0X00,0X00,0X00,0X00,0X00,0X00,0X00,0X00,0X00,0X00,0X00,0X00,0X00,
N0X03,0X00,0X00,0X00,0X00,0X00,0X00,0X00,0X00,0X00,0X00,0X00,0X00,0X00,0X00,0X00,
N0X00,0X00,0X00,0X00,0X00,0X00,0X00,0X00,0X00,0X00,0X00,0X00,0X00,0X00,0X03,0X00,
N0X00,0X00,0X00,0X00,0X00,0X00,0X00,0X00,0X00,0X00,0X00,0X00,0X00,0X00,0X00,0X00,
N0X00,0X00,0X00,0X00,0X00,0X00,0X00,0X00,0X00,0X00,0X00,0X00,0X03,0X00,0X00,0X00,
N0X00,0X00,0X00,0X00,0X00,0X00,0X00,0X00,0X00,0X00,0X00,0X00,0X00,0X00,0X00,0X00,
N0X00,0X00,0X00,0X00,0X00,0X00,0X00,0X00,0X00,0X00,0X03,0X00,0X00,0X00,0X00,0X00,
N0X00,0X00,0X00,0X00,0X00,0X00,0X00,0X00,0X00,0X00,0X00,0X00,0X00,0X00,0X00,0X00,
N0X00,0X00,0X00,0X00,0X00,0X00,0X00,0X00,0X03,0X00,0X00,0X00,0X00,0X00,0X00,0X00,
N0X00,0X00,0X00,0X00,0X00,0X00,0X00,0X00,0X00,0X00,0X00,0X00,0X00,0X00,0X00,0X00,
N0X00,0X00,0X00,0X00,0X00,0X00,0X03,0X00,0X00,0X00,0X00,0X00,0X00,0X00,0X00,0X00,
N0X00,0X00,0X00,0X00,0X00,0X00,0X00,0X00,0X00,0X00,0X00,0X00,0X00,0X00,0X00,0X00,
N0X00,0X00,0X00,0X00,0X03,0X00,0X00,0X00,0X00,0X00,0X00,0X00,0X00,0X00,0X00,0X00,
N0X00,0X00,0X00,0X00,0X00,0X00,0X00,0X00,0X00,0X00,0X00,0X00,0X00,0X00,0X00,0X00,
N0X00,0X00,0X03,0X00,0X00,0X00,0X00,0X00,0X00,0X00,0X00,0X00,0X00,0X00,0X00,0X00,
N0X00,0X00,0X00,0X00,0X00,0X00,0X00,0X00,0X00,0X00,0X00,0X00,0X00,0X00,0X00,0X00,
N0X03,0X00,0X00,0X00,0X00,0X00,0X00,0X00,0X00,0X00,0X00,0X00,0X00,0X00,0X00,0X00,
N0X00,0X00,0X00,0X00,0X00,0X00,0X00,0X00,0X00,0X00,0X00,0X00,0X00,0X00,0X03,0X00,
N0X00,0X00,0X00,0X00,0X00,0X00,0X00,0X00,0X00,0X00,0X00,0X00,0X00,0X00,0X00,0X00,
N0X00,0X00,0X00,0X00,0X00,0X00,0X00,0X00,0X00,0X00,0X00,0X00,0X03,0X00,0X00,0X00,
N0X00,0X00,0X00,0X00,0X00,0X00,0X00,0X00,0X00,0X00,0X00,0X00,0X00,0X00,0X00,0X00,
N0X00,0X00,0X00,0X00,0X00,0X00,0X00,0X00,0X00,0X00,0X03,0X00,0X00,0X00,0X00,0X00,
N0X00,0X00,0X00,0X00,0X00,0X00,0X00,0X00,0X00,0X00,0X00,0X00,0X00,0X00,0X00,0X00,
N0X00,0X00,0X00,0X00,0X00,0X00,0X00,0X00,0X03,0X00,0X00,0X00,0X00,0X00,0X00,0X00,
N0X00,0X00,0X00,0X00,0X00,0X00,0X00,0X00,0X00,0X00,0X00,0X00,0X00,0X00,0X00,0X00,
N0X00,0X00,0X00,0X00,0X00,0X00,0X03,0X00,0X00,0X00,0X00,0X00,0X00,0X00,0X00,0X00,
N0X00,0X00,0X00,0X00,0X00,0X00,0X00,0X00,0X00,0X00,0X00,0X00,0X00,0X00,0X00,0X00,
N0X00,0X00,0X00,0X00,0X03,0X00,0X00,0X00,0X00,0X00,0X00,0X00,0X00,0X00,0X00,0X00,
N0X00,0X00,0X00,0X00,0X00,0X00,0X00,0X00,0X00,0X00,0X00,0X00,0X00,0X00,0X00,0X00,
N0X00,0X00,0X03,0X00,0X00,0X00,0X00,0X00,0X00,0X00,0X00,0X00,0X00,0X00,0X00,0X00,
N0X00,0X00,0X00,0X00,0X00,0X00,0X00,0X00,0X00,0X00,0X00,0X00,0X00,0X00,0X00,0X00,
N0X03,0X00,0X00,0X00,0X00,0X00,0X00,0X00,0X00,0X00,0X00,0X00,0X00,0X00,0X00,0X00,
N0X00,0X00,0X00,0X00,0X00,0X00,0X00,0X00,0X00,0X00,0X00,0X00,0X00,0X00,0X03,0X00,
N0X00,0X00,0X00,0X00,0X00,0X00,0X00,0X00,0X00,0X00,0X00,0X00,0X00,0X00,0X00,0X00,
N0X00,0X00,0X00,0X00,0X00,0X00,0X00,0X00,0X00,0X00,0X00,0X00,0X03,0X00,0X00,0X00,
N0X00,0X00,0X00,0X00,0X00,0X00,0X00,0X00,0X00,0X00,0X00,0X00,0X00,0X00,0X00,0X00,
N0X00,0X00,0X00,0X00,0X00,0X00,0X00,0X00,0X00,0X00,0X03,0X00,0X00,0X00,0X00,0X00,
N0X00,0X00,0X00,0X00,0X00,0X00,0X00,0X00,0X00,0X00,0X00,0X00,0X00,0X00,0X00,0X00,
N0X00,0X00,0X00,0X00,0X00,0X00,0X00,0X00,0X03,0X00,0X00,0X00,0X00,0X00,0X00,0X00,
N0X00,0X00,0X00,0X00,0X00,0X00,0X00,0X00,0X00,0X00,0X00,0X00,0X00,0X00,0X00,0X00,
N0X00,0X00,0X00,0X00,0X00,0X00,0X03,0X00,0X00,0X00,0X00,0X00,0X00,0X00,0X00,0X00,
N0X00,0X00,0X00,0X00,0X00,0X00,0X00,0X00,0X00,0X00,0X00,0X00,0X00,0X00,0X00,0X00,
N0X00,0X00,0X00,0X00,0X03,0X00,0X00,0X00,0X00,0X00,0X00,0X00,0X00,0X00,0X00,0X00,
N0X00,0X00,0X00,0X00,0X00,0X00,0X00,0X00,0X00,0X00,0X00,0X00,0X00,0X00,0X00,0X00,
N0X00,0X00,0X03,0X00,0X00,0X00,0X00,0X00,0X00,0X00,0X00,0X00,0X00,0X00,0X00,0X00,
N0X00,0X00,0X00,0X00,0X00,0X00,0X00,0X00,0X00,0X00,0X00,0X00,0X00,0X00,0X00,0X00,
N0X03,0X00,0X00,0X00,0X00,0X00,0X00,0X00,0X00,0X00,0X00,0X00,0X00,0X00,0X00,0X00,
N0X00,0X00,0X00,0X00,0X00,0X00,0X00,0X00,0X00,0X00,0X00,0X00,0X00,0X00,0X03,0X00,
N0X00,0X00,0X00,0X00,0X00,0X00,0X00,0X00,0X00,0X00,0X00,0X00,0X00,0X00,0X00,0X00,
N0X00,0X00,0X00,0X00,0X00,0X00,0X00,0X00,0X00,0X00,0X00,0X00,0X03,0X00,0X00,0X00,
N0X00,0X00,0X00,0X00,0X00,0X00,0X00,0X00,0X00,0X00,0X00,0X00,0X00,0X00,0X00,0X00,
N0X00,0X00,0X00,0X00,0X00,0X00,0X00,0X00,0X00,0X00,0X03,0X00,0X00,0X00,0X00,0X00,
N0X00,0X00,0X00,0X00,0X00,0X00,0X00,0X00,0X00,0X00,0X00,0X00,0X00,0X00,0X00,0X00,
N0X00,0X00,0X00,0X00,0X00,0X00,0X00,0X00,0X03,0X00,0X00,0X00,0X00,0X00,0X00,0X00,
N0X00,0X00,0X00,0X00,0X00,0X00,0X00,0X00,0X00,0X00,0X00,0X00,0X00,0X00,0X00,0X00,
N0X00,0X00,0X00,0X00,0X00,0X00,0X03,0X00,0X00,0X00,0X00,0X00,0X00,0X00,0X00,0X00,
N0X00,0X00,0X00,0X00,0X00,0X00,0X00,0X00,0X00,0X00,0X00,0X00,0X00,0X00,0X00,0X00,
N0X00,0X00,0X00,0X00,0X03,0X00,0X00,0X00,0X00,0X00,0X00,0X00,0X00,0X00,0X00,0X00,
N0X00,0X00,0X00,0X00,0X00,0X00,0X00,0X00,0X00,0X00,0X00,0X00,0X00,0X00,0X00,0X00,
N0X00,0X00,0X03,0X00,0X00,0X00,0X00,0X00,0X00,0X00,0X00,0X00,0X00,0X00,0X00,0X00,
N0X00,0X00,0X00,0X00,0X00,0X00,0X00,0X00,0X00,0X00,0X00,0X00,0X00,0X00,0X00,0X00,
N0X03,0X00,0X00,0X00,0X00,0X00,0X00,0X00,0X00,0X00,0X00,0X00,0X00,0X00,0X00,0X00,
N0X00,0X00,0X00,0X00,0X00,0X00,0X00,0X00,0X00,0X00,0X00,0X00,0X00,0X00,0X03,0X00,
N0X00,0X00,0X00,0X00,0X00,0X00,0X00,0X00,0X00,0X00,0X00,0X00,0X00,0X00,0X00,0X00,
N0X00,0X00,0X00,0X00,0X00,0X00,0X00,0X00,0X00,0X00,0X00,0X00,0X03,0X00,0X00,0X00,
N0X00,0X00,0X00,0X00,0X00,0X00,0X00,0X00,0X00,0X00,0X00,0X00,0X00,0X00,0X00,0X00,
N0X00,0X00,0X00,0X00,0X00,0X00,0X00,0X00,0X00,0X00,0X03,0X00,0X00,0X00,0X00,0X00,
N0X00,0X00,0X00,0X00,0X00,0X00,0X00,0X00,0X00,0X00,0X00,0X00,0X00,0X00,0X00,0X00,
N0X00,0X00,0X00,0X00,0X00,0X00,0X00,0X00,0X03,0X00,0X00,0X00,0X00,0X00,0X00,0X00,
N0X00,0X00,0X00,0X00,0X00,0X00,0X00,0X00,0X00,0X00,0X00,0X00,0X00,0X00,0X00,0X00,
N0X00,0X00,0X00,0X00,0X00,0X00,0X03,0X00,0X00,0X00,0X00,0X00,0X00,0X00,0X00,0X00,
N0X00,0X00,0X00,0X00,0X00,0X00,0X00,0X00,0X00,0X00,0X00,0X00,0X00,0X00,0X00,0X00,
N0X00,0X00,0X00,0X00,0X03,0X00,0X00,0X00,0X00,0X00,0X00,0X00,0X00,0X00,0X00,0X00,
N0X00,0X00,0X00,0X00,0X00,0X00,0X00,0X00,0X00,0X00,0X00,0X00,0X00,0X00,0X00,0X00,
N0X00,0X00,0X03,0X00,0X00,0X00,0X00,0X00,0X00,0X00,0X00,0X00,0X00,0X00,0X00,0X00,
N0X00,0X00,0X00,0X00,0X00,0X00,0X00,0X00,0X00,0X00,0X00,0X00,0X00,0X00,0X00,0X00,
N0X03,0X00,0X00,0X00,0X00,0X00,0X00,0X00,0X00,0X00,0X00,0X00,0X00,0X00,0X00,0X00,
N0X00,0X00,0X00,0X00,0X00,0X00,0X00,0X00,0X00,0X00,0X00,0X00,0X00,0X00,0X03,0X00,
N0X00,0X00,0X00,0X00,0X00,0X00,0X00,0X00,0X00,0X00,0X00,0X00,0X00,0X00,0X00,0X00,
N0X00,0X00,0X00,0X00,0X00,0X00,0X00,0X00,0X00,0X00,0X00,0X00,0X03,0X00,0X00,0X00,
N0X00,0X00,0X00,0X00,0X00,0X00,0X00,0X00,0X00,0X00,0X00,0X00,0X00,0X00,0X00,0X00,
N0X00,0X00,0X00,0X00,0X00,0X00,0X00,0X00,0X00,0X00,0X03,0X00,0X00,0X00,0X00,0X00,
N0X00,0X00,0X00,0X00,0X00,0X00,0X00,0X00,0X00,0X00,0X00,0X00,0X00,0X00,0X00,0X00,
N0X00,0X00,0X00,0X00,0X00,0X00,0X00,0X00,0X03,0X00,0X00,0X00,0X00,0X00,0X00,0X00,
N0X00,0X00,0X00,0X00,0X00,0X00,0X00,0X00,0X00,0X00,0X00,0X00,0X00,0X00,0X00,0X00,
N0X00,0X00,0X00,0X00,0X00,0X00,0X03,0X00,0X00,0X00,0X00,0X00,0X00,0X00,0X00,0X00,
N0X00,0X00,0X00,0X00,0X00,0X00,0X00,0X00,0X00,0X00,0X00,0X00,0X00,0X00,0X00,0X00,
N0X00,0X00,0X00,0X00,0X03,0X00,0X00,0X00,0X00,0X00,0X00,0X00,0X00,0X00,0X00,0X00,
N0X00,0X00,0X00,0X00,0X00,0X00,0X00,0X00,0X00,0X00,0X00,0X00,0X00,0X00,0X00,0X00,
N0X00,0X00,0X03,0X00,0X00,0X00,0X00,0X00,0X00,0X00,0X00,0X00,0X00,0X00,0X00,0X00,
N0X00,0X00,0X00,0X00,0X00,0X00,0X00,0X00,0X00,0X00,0X00,0X00,0X00,0X00,*/};
